[0.617s] DEBUG:colcon:Command line arguments: ['/usr/bin/colcon', 'build', '--packages-select', 'my_robot_description']
[0.617s] DEBUG:colcon:Parsed command line arguments: Namespace(log_base=None, log_level=None, verb_name='build', build_base='build', install_base='install', merge_install=False, symlink_install=False, test_result_base=None, continue_on_error=False, executor='parallel', parallel_workers=2, event_handlers=None, ignore_user_meta=False, metas=['./colcon.meta'], base_paths=['.'], packages_ignore=None, packages_ignore_regex=None, paths=None, packages_up_to=None, packages_up_to_regex=None, packages_above=None, packages_above_and_dependencies=None, packages_above_depth=None, packages_select_by_dep=None, packages_skip_by_dep=None, packages_skip_up_to=None, packages_select_build_failed=False, packages_skip_build_finished=False, packages_select_test_failures=False, packages_skip_test_passed=False, packages_select=['my_robot_description'], packages_skip=None, packages_select_regex=None, packages_skip_regex=None, packages_start=None, packages_end=None, allow_overriding=[], cmake_args=None, cmake_target=None, cmake_target_skip_unavailable=False, cmake_clean_cache=False, cmake_clean_first=False, cmake_force_configure=False, ament_cmake_args=None, catkin_cmake_args=None, catkin_skip_building_tests=False, mixin_files=None, mixin=None, verb_parser=<colcon_mixin.mixin.mixin_argument.MixinArgumentDecorator object at 0x748f46c6e7d0>, verb_extension=<colcon_core.verb.build.BuildVerb object at 0x748f46d6b7f0>, main=<bound method BuildVerb.main of <colcon_core.verb.build.BuildVerb object at 0x748f46d6b7f0>>, mixin_verb=('build',))
[1.935s] Level 1:colcon.colcon_core.package_discovery:discover_packages(colcon_meta) check parameters
[1.935s] Level 1:colcon.colcon_core.package_discovery:discover_packages(recursive) check parameters
[1.935s] Level 1:colcon.colcon_core.package_discovery:discover_packages(ignore) check parameters
[1.935s] Level 1:colcon.colcon_core.package_discovery:discover_packages(path) check parameters
[1.935s] Level 1:colcon.colcon_core.package_discovery:discover_packages(colcon_meta) discover
[1.936s] Level 1:colcon.colcon_core.package_discovery:discover_packages(recursive) discover
[1.936s] INFO:colcon.colcon_core.package_discovery:Crawling recursively for packages in '/home/shivam/RoboticArm_ws'
[1.936s] Level 1:colcon.colcon_core.package_identification:_identify(.) by extensions ['ignore', 'ignore_ament_install']
[1.936s] Level 1:colcon.colcon_core.package_identification:_identify(.) by extension 'ignore'
[1.937s] Level 1:colcon.colcon_core.package_identification:_identify(.) by extension 'ignore_ament_install'
[1.937s] Level 1:colcon.colcon_core.package_identification:_identify(.) by extensions ['colcon_pkg']
[1.937s] Level 1:colcon.colcon_core.package_identification:_identify(.) by extension 'colcon_pkg'
[1.937s] Level 1:colcon.colcon_core.package_identification:_identify(.) by extensions ['colcon_meta']
[1.937s] Level 1:colcon.colcon_core.package_identification:_identify(.) by extension 'colcon_meta'
[1.937s] Level 1:colcon.colcon_core.package_identification:_identify(.) by extensions ['ros']
[1.937s] Level 1:colcon.colcon_core.package_identification:_identify(.) by extension 'ros'
[1.972s] Level 1:colcon.colcon_core.package_identification:_identify(.) by extensions ['cmake', 'python']
[1.972s] Level 1:colcon.colcon_core.package_identification:_identify(.) by extension 'cmake'
[1.972s] Level 1:colcon.colcon_core.package_identification:_identify(.) by extension 'python'
[1.972s] Level 1:colcon.colcon_core.package_identification:_identify(.) by extensions ['python_setup_py']
[1.972s] Level 1:colcon.colcon_core.package_identification:_identify(.) by extension 'python_setup_py'
[1.973s] Level 1:colcon.colcon_core.package_identification:_identify(build) by extensions ['ignore', 'ignore_ament_install']
[1.973s] Level 1:colcon.colcon_core.package_identification:_identify(build) by extension 'ignore'
[1.973s] Level 1:colcon.colcon_core.package_identification:_identify(build) ignored
[1.973s] Level 1:colcon.colcon_core.package_identification:_identify(install) by extensions ['ignore', 'ignore_ament_install']
[1.973s] Level 1:colcon.colcon_core.package_identification:_identify(install) by extension 'ignore'
[1.974s] Level 1:colcon.colcon_core.package_identification:_identify(install) ignored
[1.974s] Level 1:colcon.colcon_core.package_identification:_identify(log) by extensions ['ignore', 'ignore_ament_install']
[1.974s] Level 1:colcon.colcon_core.package_identification:_identify(log) by extension 'ignore'
[1.974s] Level 1:colcon.colcon_core.package_identification:_identify(log) ignored
[1.974s] Level 1:colcon.colcon_core.package_identification:_identify(src) by extensions ['ignore', 'ignore_ament_install']
[1.974s] Level 1:colcon.colcon_core.package_identification:_identify(src) by extension 'ignore'
[1.974s] Level 1:colcon.colcon_core.package_identification:_identify(src) by extension 'ignore_ament_install'
[1.974s] Level 1:colcon.colcon_core.package_identification:_identify(src) by extensions ['colcon_pkg']
[1.974s] Level 1:colcon.colcon_core.package_identification:_identify(src) by extension 'colcon_pkg'
[1.974s] Level 1:colcon.colcon_core.package_identification:_identify(src) by extensions ['colcon_meta']
[1.974s] Level 1:colcon.colcon_core.package_identification:_identify(src) by extension 'colcon_meta'
[1.974s] Level 1:colcon.colcon_core.package_identification:_identify(src) by extensions ['ros']
[1.975s] Level 1:colcon.colcon_core.package_identification:_identify(src) by extension 'ros'
[1.975s] Level 1:colcon.colcon_core.package_identification:_identify(src) by extensions ['cmake', 'python']
[1.975s] Level 1:colcon.colcon_core.package_identification:_identify(src) by extension 'cmake'
[1.975s] Level 1:colcon.colcon_core.package_identification:_identify(src) by extension 'python'
[1.975s] Level 1:colcon.colcon_core.package_identification:_identify(src) by extensions ['python_setup_py']
[1.975s] Level 1:colcon.colcon_core.package_identification:_identify(src) by extension 'python_setup_py'
[1.975s] Level 1:colcon.colcon_core.package_identification:_identify(src/moveit2) by extensions ['ignore', 'ignore_ament_install']
[1.975s] Level 1:colcon.colcon_core.package_identification:_identify(src/moveit2) by extension 'ignore'
[1.975s] Level 1:colcon.colcon_core.package_identification:_identify(src/moveit2) by extension 'ignore_ament_install'
[1.975s] Level 1:colcon.colcon_core.package_identification:_identify(src/moveit2) by extensions ['colcon_pkg']
[1.975s] Level 1:colcon.colcon_core.package_identification:_identify(src/moveit2) by extension 'colcon_pkg'
[1.975s] Level 1:colcon.colcon_core.package_identification:_identify(src/moveit2) by extensions ['colcon_meta']
[1.975s] Level 1:colcon.colcon_core.package_identification:_identify(src/moveit2) by extension 'colcon_meta'
[1.975s] Level 1:colcon.colcon_core.package_identification:_identify(src/moveit2) by extensions ['ros']
[1.976s] Level 1:colcon.colcon_core.package_identification:_identify(src/moveit2) by extension 'ros'
[1.976s] Level 1:colcon.colcon_core.package_identification:_identify(src/moveit2) by extensions ['cmake', 'python']
[1.976s] Level 1:colcon.colcon_core.package_identification:_identify(src/moveit2) by extension 'cmake'
[1.976s] Level 1:colcon.colcon_core.package_identification:_identify(src/moveit2) by extension 'python'
[1.976s] Level 1:colcon.colcon_core.package_identification:_identify(src/moveit2) by extensions ['python_setup_py']
[1.976s] Level 1:colcon.colcon_core.package_identification:_identify(src/moveit2) by extension 'python_setup_py'
[1.976s] Level 1:colcon.colcon_core.package_identification:_identify(src/moveit2/my_robot_description) by extensions ['ignore', 'ignore_ament_install']
[1.976s] Level 1:colcon.colcon_core.package_identification:_identify(src/moveit2/my_robot_description) by extension 'ignore'
[1.976s] Level 1:colcon.colcon_core.package_identification:_identify(src/moveit2/my_robot_description) by extension 'ignore_ament_install'
[1.976s] Level 1:colcon.colcon_core.package_identification:_identify(src/moveit2/my_robot_description) by extensions ['colcon_pkg']
[1.976s] Level 1:colcon.colcon_core.package_identification:_identify(src/moveit2/my_robot_description) by extension 'colcon_pkg'
[1.976s] Level 1:colcon.colcon_core.package_identification:_identify(src/moveit2/my_robot_description) by extensions ['colcon_meta']
[1.976s] Level 1:colcon.colcon_core.package_identification:_identify(src/moveit2/my_robot_description) by extension 'colcon_meta'
[1.976s] Level 1:colcon.colcon_core.package_identification:_identify(src/moveit2/my_robot_description) by extensions ['ros']
[1.977s] Level 1:colcon.colcon_core.package_identification:_identify(src/moveit2/my_robot_description) by extension 'ros'
[1.988s] DEBUG:colcon.colcon_core.package_identification:Package 'src/moveit2/my_robot_description' with type 'ros.ament_cmake' and name 'my_robot_description'
[1.988s] Level 1:colcon.colcon_core.package_discovery:discover_packages(recursive) using defaults
[1.989s] Level 1:colcon.colcon_core.package_discovery:discover_packages(ignore) discover
[1.989s] Level 1:colcon.colcon_core.package_discovery:discover_packages(ignore) using defaults
[1.989s] Level 1:colcon.colcon_core.package_discovery:discover_packages(path) discover
[1.989s] Level 1:colcon.colcon_core.package_discovery:discover_packages(path) using defaults
[2.120s] Level 1:colcon.colcon_core.package_discovery:discover_packages(prefix_path) check parameters
[2.126s] Level 1:colcon.colcon_core.package_discovery:discover_packages(prefix_path) discover
[2.132s] WARNING:colcon.colcon_ros.prefix_path.ament:The path '/home/shivam/RoboticArm_ws/install/my_robot_description' in the environment variable AMENT_PREFIX_PATH doesn't exist
[2.138s] WARNING:colcon.colcon_ros.prefix_path.catkin:The path '/home/shivam/RoboticArm_ws/install/my_robot_description' in the environment variable CMAKE_PREFIX_PATH doesn't exist
[2.140s] DEBUG:colcon.colcon_installed_package_information.package_discovery:Found 0 installed packages in /home/shivam/RoboticArm_ws/install
[2.159s] DEBUG:colcon.colcon_installed_package_information.package_discovery:Found 1 installed packages in /home/shivam/ros2_ws/install
[2.174s] DEBUG:colcon.colcon_installed_package_information.package_discovery:Found 452 installed packages in /opt/ros/humble
[2.177s] Level 1:colcon.colcon_core.package_discovery:discover_packages(prefix_path) using defaults
[2.839s] Level 5:colcon.colcon_core.verb:set package 'my_robot_description' build argument 'cmake_args' from command line to 'None'
[2.839s] Level 5:colcon.colcon_core.verb:set package 'my_robot_description' build argument 'cmake_target' from command line to 'None'
[2.839s] Level 5:colcon.colcon_core.verb:set package 'my_robot_description' build argument 'cmake_target_skip_unavailable' from command line to 'False'
[2.839s] Level 5:colcon.colcon_core.verb:set package 'my_robot_description' build argument 'cmake_clean_cache' from command line to 'False'
[2.839s] Level 5:colcon.colcon_core.verb:set package 'my_robot_description' build argument 'cmake_clean_first' from command line to 'False'
[2.840s] Level 5:colcon.colcon_core.verb:set package 'my_robot_description' build argument 'cmake_force_configure' from command line to 'False'
[2.840s] Level 5:colcon.colcon_core.verb:set package 'my_robot_description' build argument 'ament_cmake_args' from command line to 'None'
[2.840s] Level 5:colcon.colcon_core.verb:set package 'my_robot_description' build argument 'catkin_cmake_args' from command line to 'None'
[2.840s] Level 5:colcon.colcon_core.verb:set package 'my_robot_description' build argument 'catkin_skip_building_tests' from command line to 'False'
[2.840s] DEBUG:colcon.colcon_core.verb:Building package 'my_robot_description' with the following arguments: {'ament_cmake_args': None, 'build_base': '/home/shivam/RoboticArm_ws/build/my_robot_description', 'catkin_cmake_args': None, 'catkin_skip_building_tests': False, 'cmake_args': None, 'cmake_clean_cache': False, 'cmake_clean_first': False, 'cmake_force_configure': False, 'cmake_target': None, 'cmake_target_skip_unavailable': False, 'install_base': '/home/shivam/RoboticArm_ws/install/my_robot_description', 'merge_install': False, 'path': '/home/shivam/RoboticArm_ws/src/moveit2/my_robot_description', 'symlink_install': False, 'test_result_base': None}
[2.840s] INFO:colcon.colcon_core.executor:Executing jobs using 'parallel' executor
[2.844s] DEBUG:colcon.colcon_parallel_executor.executor.parallel:run_until_complete
[2.846s] INFO:colcon.colcon_ros.task.ament_cmake.build:Building ROS package in '/home/shivam/RoboticArm_ws/src/moveit2/my_robot_description' with build type 'ament_cmake'
[2.846s] INFO:colcon.colcon_cmake.task.cmake.build:Building CMake package in '/home/shivam/RoboticArm_ws/src/moveit2/my_robot_description'
[2.870s] INFO:colcon.colcon_core.plugin_system:Skipping extension 'colcon_core.shell.bat': Not used on non-Windows systems
[2.871s] INFO:colcon.colcon_core.shell:Skip shell extension 'powershell' for command environment: Not usable outside of PowerShell
[2.871s] DEBUG:colcon.colcon_core.shell:Skip shell extension 'dsv' for command environment
[2.942s] DEBUG:colcon.colcon_core.event_handler.log_command:Invoking command in '/home/shivam/RoboticArm_ws/build/my_robot_description': CMAKE_PREFIX_PATH=${CMAKE_PREFIX_PATH}:/home/shivam/ros2_ws/install/my_robot_controller:/opt/ros/humble /usr/bin/cmake /home/shivam/RoboticArm_ws/src/moveit2/my_robot_description -DCMAKE_INSTALL_PREFIX=/home/shivam/RoboticArm_ws/install/my_robot_description
[7.376s] DEBUG:colcon.colcon_core.event_handler.log_command:Invoked command in '/home/shivam/RoboticArm_ws/build/my_robot_description' returned '0': CMAKE_PREFIX_PATH=${CMAKE_PREFIX_PATH}:/home/shivam/ros2_ws/install/my_robot_controller:/opt/ros/humble /usr/bin/cmake /home/shivam/RoboticArm_ws/src/moveit2/my_robot_description -DCMAKE_INSTALL_PREFIX=/home/shivam/RoboticArm_ws/install/my_robot_description
[7.388s] DEBUG:colcon.colcon_core.event_handler.log_command:Invoking command in '/home/shivam/RoboticArm_ws/build/my_robot_description': CMAKE_PREFIX_PATH=${CMAKE_PREFIX_PATH}:/home/shivam/ros2_ws/install/my_robot_controller:/opt/ros/humble /usr/bin/cmake --build /home/shivam/RoboticArm_ws/build/my_robot_description -- -j2 -l2
[7.534s] DEBUG:colcon.colcon_core.event_handler.log_command:Invoked command in '/home/shivam/RoboticArm_ws/build/my_robot_description' returned '0': CMAKE_PREFIX_PATH=${CMAKE_PREFIX_PATH}:/home/shivam/ros2_ws/install/my_robot_controller:/opt/ros/humble /usr/bin/cmake --build /home/shivam/RoboticArm_ws/build/my_robot_description -- -j2 -l2
[7.590s] DEBUG:colcon.colcon_core.event_handler.log_command:Invoking command in '/home/shivam/RoboticArm_ws/build/my_robot_description': CMAKE_PREFIX_PATH=${CMAKE_PREFIX_PATH}:/home/shivam/ros2_ws/install/my_robot_controller:/opt/ros/humble /usr/bin/cmake --install /home/shivam/RoboticArm_ws/build/my_robot_description
[7.675s] Level 1:colcon.colcon_core.environment:create_environment_scripts_only(my_robot_description)
[7.677s] DEBUG:colcon.colcon_core.event_handler.log_command:Invoked command in '/home/shivam/RoboticArm_ws/build/my_robot_description' returned '0': CMAKE_PREFIX_PATH=${CMAKE_PREFIX_PATH}:/home/shivam/ros2_ws/install/my_robot_controller:/opt/ros/humble /usr/bin/cmake --install /home/shivam/RoboticArm_ws/build/my_robot_description
[7.694s] Level 1:colcon.colcon_core.environment:checking '/home/shivam/RoboticArm_ws/install/my_robot_description' for CMake module files
[7.696s] Level 1:colcon.colcon_core.environment:checking '/home/shivam/RoboticArm_ws/install/my_robot_description' for CMake config files
[7.698s] Level 1:colcon.colcon_core.shell:create_environment_hook('my_robot_description', 'cmake_prefix_path')
[7.702s] INFO:colcon.colcon_core.shell:Creating environment hook '/home/shivam/RoboticArm_ws/install/my_robot_description/share/my_robot_description/hook/cmake_prefix_path.ps1'
[7.710s] INFO:colcon.colcon_core.shell:Creating environment descriptor '/home/shivam/RoboticArm_ws/install/my_robot_description/share/my_robot_description/hook/cmake_prefix_path.dsv'
[7.712s] INFO:colcon.colcon_core.shell:Creating environment hook '/home/shivam/RoboticArm_ws/install/my_robot_description/share/my_robot_description/hook/cmake_prefix_path.sh'
[7.715s] Level 1:colcon.colcon_core.environment:checking '/home/shivam/RoboticArm_ws/install/my_robot_description/bin'
[7.715s] Level 1:colcon.colcon_core.environment:checking '/home/shivam/RoboticArm_ws/install/my_robot_description/lib/pkgconfig/my_robot_description.pc'
[7.716s] Level 1:colcon.colcon_core.environment:checking '/home/shivam/RoboticArm_ws/install/my_robot_description/lib/python3.10/site-packages'
[7.716s] Level 1:colcon.colcon_core.environment:checking '/home/shivam/RoboticArm_ws/install/my_robot_description/bin'
[7.717s] INFO:colcon.colcon_core.shell:Creating package script '/home/shivam/RoboticArm_ws/install/my_robot_description/share/my_robot_description/package.ps1'
[7.723s] INFO:colcon.colcon_core.shell:Creating package descriptor '/home/shivam/RoboticArm_ws/install/my_robot_description/share/my_robot_description/package.dsv'
[7.727s] INFO:colcon.colcon_core.shell:Creating package script '/home/shivam/RoboticArm_ws/install/my_robot_description/share/my_robot_description/package.sh'
[7.731s] INFO:colcon.colcon_core.shell:Creating package script '/home/shivam/RoboticArm_ws/install/my_robot_description/share/my_robot_description/package.bash'
[7.735s] INFO:colcon.colcon_core.shell:Creating package script '/home/shivam/RoboticArm_ws/install/my_robot_description/share/my_robot_description/package.zsh'
[7.742s] Level 1:colcon.colcon_core.environment:create_file_with_runtime_dependencies(/home/shivam/RoboticArm_ws/install/my_robot_description/share/colcon-core/packages/my_robot_description)
[7.743s] Level 1:colcon.colcon_core.environment:create_environment_scripts_only(my_robot_description)
[7.744s] Level 1:colcon.colcon_core.environment:checking '/home/shivam/RoboticArm_ws/install/my_robot_description' for CMake module files
[7.745s] Level 1:colcon.colcon_core.environment:checking '/home/shivam/RoboticArm_ws/install/my_robot_description' for CMake config files
[7.745s] Level 1:colcon.colcon_core.shell:create_environment_hook('my_robot_description', 'cmake_prefix_path')
[7.746s] INFO:colcon.colcon_core.shell:Creating environment hook '/home/shivam/RoboticArm_ws/install/my_robot_description/share/my_robot_description/hook/cmake_prefix_path.ps1'
[7.747s] INFO:colcon.colcon_core.shell:Creating environment descriptor '/home/shivam/RoboticArm_ws/install/my_robot_description/share/my_robot_description/hook/cmake_prefix_path.dsv'
[7.748s] INFO:colcon.colcon_core.shell:Creating environment hook '/home/shivam/RoboticArm_ws/install/my_robot_description/share/my_robot_description/hook/cmake_prefix_path.sh'
[7.750s] Level 1:colcon.colcon_core.environment:checking '/home/shivam/RoboticArm_ws/install/my_robot_description/bin'
[7.750s] Level 1:colcon.colcon_core.environment:checking '/home/shivam/RoboticArm_ws/install/my_robot_description/lib/pkgconfig/my_robot_description.pc'
[7.751s] Level 1:colcon.colcon_core.environment:checking '/home/shivam/RoboticArm_ws/install/my_robot_description/lib/python3.10/site-packages'
[7.751s] Level 1:colcon.colcon_core.environment:checking '/home/shivam/RoboticArm_ws/install/my_robot_description/bin'
[7.752s] INFO:colcon.colcon_core.shell:Creating package script '/home/shivam/RoboticArm_ws/install/my_robot_description/share/my_robot_description/package.ps1'
[7.754s] INFO:colcon.colcon_core.shell:Creating package descriptor '/home/shivam/RoboticArm_ws/install/my_robot_description/share/my_robot_description/package.dsv'
[7.757s] INFO:colcon.colcon_core.shell:Creating package script '/home/shivam/RoboticArm_ws/install/my_robot_description/share/my_robot_description/package.sh'
[7.759s] INFO:colcon.colcon_core.shell:Creating package script '/home/shivam/RoboticArm_ws/install/my_robot_description/share/my_robot_description/package.bash'
[7.761s] INFO:colcon.colcon_core.shell:Creating package script '/home/shivam/RoboticArm_ws/install/my_robot_description/share/my_robot_description/package.zsh'
[7.763s] Level 1:colcon.colcon_core.environment:create_file_with_runtime_dependencies(/home/shivam/RoboticArm_ws/install/my_robot_description/share/colcon-core/packages/my_robot_description)
[7.764s] DEBUG:colcon.colcon_parallel_executor.executor.parallel:closing loop
[7.765s] DEBUG:colcon.colcon_parallel_executor.executor.parallel:loop closed
[7.765s] DEBUG:colcon.colcon_parallel_executor.executor.parallel:run_until_complete finished with '0'
[7.766s] DEBUG:colcon.colcon_core.event_reactor:joining thread
[7.833s] INFO:colcon.colcon_core.plugin_system:Skipping extension 'colcon_notification.desktop_notification.terminal_notifier': Not used on non-Darwin systems
[7.833s] INFO:colcon.colcon_core.plugin_system:Skipping extension 'colcon_notification.desktop_notification.win32': Not used on non-Windows systems
[7.833s] INFO:colcon.colcon_notification.desktop_notification:Sending desktop notification using 'notify2'
[8.126s] DEBUG:colcon.colcon_core.event_reactor:joined thread
[8.127s] INFO:colcon.colcon_core.shell:Creating prefix script '/home/shivam/RoboticArm_ws/install/local_setup.ps1'
[8.133s] INFO:colcon.colcon_core.shell:Creating prefix util module '/home/shivam/RoboticArm_ws/install/_local_setup_util_ps1.py'
[8.140s] INFO:colcon.colcon_core.shell:Creating prefix chain script '/home/shivam/RoboticArm_ws/install/setup.ps1'
[8.143s] INFO:colcon.colcon_core.shell:Creating prefix script '/home/shivam/RoboticArm_ws/install/local_setup.sh'
[8.144s] INFO:colcon.colcon_core.shell:Creating prefix util module '/home/shivam/RoboticArm_ws/install/_local_setup_util_sh.py'
[8.145s] INFO:colcon.colcon_core.shell:Creating prefix chain script '/home/shivam/RoboticArm_ws/install/setup.sh'
[8.147s] INFO:colcon.colcon_core.shell:Creating prefix script '/home/shivam/RoboticArm_ws/install/local_setup.bash'
[8.149s] INFO:colcon.colcon_core.shell:Creating prefix chain script '/home/shivam/RoboticArm_ws/install/setup.bash'
[8.152s] INFO:colcon.colcon_core.shell:Creating prefix script '/home/shivam/RoboticArm_ws/install/local_setup.zsh'
[8.156s] INFO:colcon.colcon_core.shell:Creating prefix chain script '/home/shivam/RoboticArm_ws/install/setup.zsh'
