[0.094s] Invoking command in '/home/shivam/RoboticArm_ws/build/my_robot_description': CMAKE_PREFIX_PATH=${CMAKE_PREFIX_PATH}:/home/shivam/ros2_ws/install/my_robot_controller:/opt/ros/humble /usr/bin/cmake /home/shivam/RoboticArm_ws/src/moveit2/my_robot_description -DCMAKE_INSTALL_PREFIX=/home/shivam/RoboticArm_ws/install/my_robot_description
[1.660s] -- The C compiler identification is GNU 11.4.0
[2.351s] -- The CXX compiler identification is GNU 11.4.0
[2.437s] -- Detecting C compiler ABI info
[2.944s] -- Detecting C compiler ABI info - done
[2.963s] -- Check for working C compiler: /usr/bin/cc - skipped
[2.970s] -- Detecting C compile features
[2.973s] -- Detecting C compile features - done
[2.981s] -- Detecting CXX compiler ABI info
[3.350s] -- Detecting CXX compiler ABI info - done
[3.376s] -- Check for working CXX compiler: /usr/bin/c++ - skipped
[3.378s] -- Detecting CXX compile features
[3.380s] -- Detecting CXX compile features - done
[3.478s] -- Found ament_cmake: 1.3.12 (/opt/ros/humble/share/ament_cmake/cmake)
[4.040s] -- Found Python3: /usr/bin/python3 (found version "3.10.12") found components: Interpreter 
[4.485s] -- Configuring done
[4.495s] -- Generating done
[4.507s] -- Build files have been written to: /home/shivam/RoboticArm_ws/build/my_robot_description
[4.528s] Invoked command in '/home/shivam/RoboticArm_ws/build/my_robot_description' returned '0': CMAKE_PREFIX_PATH=${CMAKE_PREFIX_PATH}:/home/shivam/ros2_ws/install/my_robot_controller:/opt/ros/humble /usr/bin/cmake /home/shivam/RoboticArm_ws/src/moveit2/my_robot_description -DCMAKE_INSTALL_PREFIX=/home/shivam/RoboticArm_ws/install/my_robot_description
[4.540s] Invoking command in '/home/shivam/RoboticArm_ws/build/my_robot_description': CMAKE_PREFIX_PATH=${CMAKE_PREFIX_PATH}:/home/shivam/ros2_ws/install/my_robot_controller:/opt/ros/humble /usr/bin/cmake --build /home/shivam/RoboticArm_ws/build/my_robot_description -- -j2 -l2
[4.686s] Invoked command in '/home/shivam/RoboticArm_ws/build/my_robot_description' returned '0': CMAKE_PREFIX_PATH=${CMAKE_PREFIX_PATH}:/home/shivam/ros2_ws/install/my_robot_controller:/opt/ros/humble /usr/bin/cmake --build /home/shivam/RoboticArm_ws/build/my_robot_description -- -j2 -l2
[4.742s] Invoking command in '/home/shivam/RoboticArm_ws/build/my_robot_description': CMAKE_PREFIX_PATH=${CMAKE_PREFIX_PATH}:/home/shivam/ros2_ws/install/my_robot_controller:/opt/ros/humble /usr/bin/cmake --install /home/shivam/RoboticArm_ws/build/my_robot_description
[4.782s] -- Install configuration: ""
[4.784s] -- Installing: /home/shivam/RoboticArm_ws/install/my_robot_description/share/my_robot_description/urdf
[4.786s] -- Installing: /home/shivam/RoboticArm_ws/install/my_robot_description/share/my_robot_description/urdf/arm.xacro
[4.792s] -- Installing: /home/shivam/RoboticArm_ws/install/my_robot_description/share/my_robot_description/urdf/common_properties.xacro
[4.796s] -- Installing: /home/shivam/RoboticArm_ws/install/my_robot_description/share/my_robot_description/urdf/my_robot.urdf.xacro
[4.796s] -- Installing: /home/shivam/RoboticArm_ws/install/my_robot_description/share/my_robot_description/launch
[4.796s] -- Installing: /home/shivam/RoboticArm_ws/install/my_robot_description/share/my_robot_description/launch/display.launch.xml
[4.799s] -- Installing: /home/shivam/RoboticArm_ws/install/my_robot_description/share/my_robot_description/launch/display.launch.py
[4.799s] -- Installing: /home/shivam/RoboticArm_ws/install/my_robot_description/share/my_robot_description/rviz
[4.799s] -- Installing: /home/shivam/RoboticArm_ws/install/my_robot_description/share/my_robot_description/rviz/display.rviz
[4.801s] -- Installing: /home/shivam/RoboticArm_ws/install/my_robot_description/share/my_robot_description/rviz/urdf_config.rviz
[4.807s] -- Installing: /home/shivam/RoboticArm_ws/install/my_robot_description/share/my_robot_description/meshes
[4.807s] -- Installing: /home/shivam/RoboticArm_ws/install/my_robot_description/share/ament_index/resource_index/package_run_dependencies/my_robot_description
[4.807s] -- Installing: /home/shivam/RoboticArm_ws/install/my_robot_description/share/ament_index/resource_index/parent_prefix_path/my_robot_description
[4.810s] -- Installing: /home/shivam/RoboticArm_ws/install/my_robot_description/share/my_robot_description/environment/ament_prefix_path.sh
[4.810s] -- Installing: /home/shivam/RoboticArm_ws/install/my_robot_description/share/my_robot_description/environment/ament_prefix_path.dsv
[4.810s] -- Installing: /home/shivam/RoboticArm_ws/install/my_robot_description/share/my_robot_description/environment/path.sh
[4.823s] -- Installing: /home/shivam/RoboticArm_ws/install/my_robot_description/share/my_robot_description/environment/path.dsv
[4.823s] -- Installing: /home/shivam/RoboticArm_ws/install/my_robot_description/share/my_robot_description/local_setup.bash
[4.823s] -- Installing: /home/shivam/RoboticArm_ws/install/my_robot_description/share/my_robot_description/local_setup.sh
[4.823s] -- Installing: /home/shivam/RoboticArm_ws/install/my_robot_description/share/my_robot_description/local_setup.zsh
[4.823s] -- Installing: /home/shivam/RoboticArm_ws/install/my_robot_description/share/my_robot_description/local_setup.dsv
[4.823s] -- Installing: /home/shivam/RoboticArm_ws/install/my_robot_description/share/my_robot_description/package.dsv
[4.823s] -- Installing: /home/shivam/RoboticArm_ws/install/my_robot_description/share/ament_index/resource_index/packages/my_robot_description
[4.823s] -- Installing: /home/shivam/RoboticArm_ws/install/my_robot_description/share/my_robot_description/cmake/my_robot_descriptionConfig.cmake
[4.823s] -- Installing: /home/shivam/RoboticArm_ws/install/my_robot_description/share/my_robot_description/cmake/my_robot_descriptionConfig-version.cmake
[4.824s] -- Installing: /home/shivam/RoboticArm_ws/install/my_robot_description/share/my_robot_description/package.xml
[4.829s] Invoked command in '/home/shivam/RoboticArm_ws/build/my_robot_description' returned '0': CMAKE_PREFIX_PATH=${CMAKE_PREFIX_PATH}:/home/shivam/ros2_ws/install/my_robot_controller:/opt/ros/humble /usr/bin/cmake --install /home/shivam/RoboticArm_ws/build/my_robot_description
