[0.037s] Invoking command in '/home/shivam/RoboticArm_ws/build/my_robot_description': CMAKE_PREFIX_PATH=${CMAKE_PREFIX_PATH}:/home/shivam/ros2_ws/install/my_robot_controller:/opt/ros/humble /usr/bin/cmake --build /home/shivam/RoboticArm_ws/build/my_robot_description -- -j2 -l2
[0.189s] Invoked command in '/home/shivam/RoboticArm_ws/build/my_robot_description' returned '0': CMAKE_PREFIX_PATH=${CMAKE_PREFIX_PATH}:/home/shivam/ros2_ws/install/my_robot_controller:/opt/ros/humble /usr/bin/cmake --build /home/shivam/RoboticArm_ws/build/my_robot_description -- -j2 -l2
[0.224s] Invoking command in '/home/shivam/RoboticArm_ws/build/my_robot_description': CMAKE_PREFIX_PATH=${CMAKE_PREFIX_PATH}:/home/shivam/ros2_ws/install/my_robot_controller:/opt/ros/humble /usr/bin/cmake --install /home/shivam/RoboticArm_ws/build/my_robot_description
[0.225s] -- Install configuration: ""
[0.226s] -- Up-to-date: /home/shivam/RoboticArm_ws/install/my_robot_description/share/my_robot_description/urdf
[0.230s] -- Up-to-date: /home/shivam/RoboticArm_ws/install/my_robot_description/share/my_robot_description/urdf/arm.xacro
[0.230s] -- Up-to-date: /home/shivam/RoboticArm_ws/install/my_robot_description/share/my_robot_description/urdf/common_properties.xacro
[0.230s] -- Up-to-date: /home/shivam/RoboticArm_ws/install/my_robot_description/share/my_robot_description/urdf/my_robot.urdf.xacro
[0.230s] -- Up-to-date: /home/shivam/RoboticArm_ws/install/my_robot_description/share/my_robot_description/launch
[0.230s] -- Up-to-date: /home/shivam/RoboticArm_ws/install/my_robot_description/share/my_robot_description/launch/display.launch.xml
[0.232s] -- Up-to-date: /home/shivam/RoboticArm_ws/install/my_robot_description/share/my_robot_description/launch/display.launch.py
[0.232s] -- Up-to-date: /home/shivam/RoboticArm_ws/install/my_robot_description/share/my_robot_description/rviz
[0.232s] -- Up-to-date: /home/shivam/RoboticArm_ws/install/my_robot_description/share/my_robot_description/rviz/display.rviz
[0.232s] -- Up-to-date: /home/shivam/RoboticArm_ws/install/my_robot_description/share/my_robot_description/rviz/urdf_config.rviz
[0.234s] -- Up-to-date: /home/shivam/RoboticArm_ws/install/my_robot_description/share/my_robot_description/meshes
[0.241s] -- Up-to-date: /home/shivam/RoboticArm_ws/install/my_robot_description/share/ament_index/resource_index/package_run_dependencies/my_robot_description
[0.241s] -- Up-to-date: /home/shivam/RoboticArm_ws/install/my_robot_description/share/ament_index/resource_index/parent_prefix_path/my_robot_description
[0.241s] -- Up-to-date: /home/shivam/RoboticArm_ws/install/my_robot_description/share/my_robot_description/environment/ament_prefix_path.sh
[0.241s] -- Up-to-date: /home/shivam/RoboticArm_ws/install/my_robot_description/share/my_robot_description/environment/ament_prefix_path.dsv
[0.241s] -- Up-to-date: /home/shivam/RoboticArm_ws/install/my_robot_description/share/my_robot_description/environment/path.sh
[0.241s] -- Up-to-date: /home/shivam/RoboticArm_ws/install/my_robot_description/share/my_robot_description/environment/path.dsv
[0.242s] -- Up-to-date: /home/shivam/RoboticArm_ws/install/my_robot_description/share/my_robot_description/local_setup.bash
[0.242s] -- Up-to-date: /home/shivam/RoboticArm_ws/install/my_robot_description/share/my_robot_description/local_setup.sh
[0.259s] -- Up-to-date: /home/shivam/RoboticArm_ws/install/my_robot_description/share/my_robot_description/local_setup.zsh
[0.259s] -- Up-to-date: /home/shivam/RoboticArm_ws/install/my_robot_description/share/my_robot_description/local_setup.dsv
[0.259s] -- Installing: /home/shivam/RoboticArm_ws/install/my_robot_description/share/my_robot_description/package.dsv
[0.259s] -- Up-to-date: /home/shivam/RoboticArm_ws/install/my_robot_description/share/ament_index/resource_index/packages/my_robot_description
[0.259s] -- Up-to-date: /home/shivam/RoboticArm_ws/install/my_robot_description/share/my_robot_description/cmake/my_robot_descriptionConfig.cmake
[0.259s] -- Up-to-date: /home/shivam/RoboticArm_ws/install/my_robot_description/share/my_robot_description/cmake/my_robot_descriptionConfig-version.cmake
[0.262s] -- Up-to-date: /home/shivam/RoboticArm_ws/install/my_robot_description/share/my_robot_description/package.xml
[0.262s] Invoked command in '/home/shivam/RoboticArm_ws/build/my_robot_description' returned '0': CMAKE_PREFIX_PATH=${CMAKE_PREFIX_PATH}:/home/shivam/ros2_ws/install/my_robot_controller:/opt/ros/humble /usr/bin/cmake --install /home/shivam/RoboticArm_ws/build/my_robot_description
