[0.163s] DEBUG:colcon:Command line arguments: ['/usr/bin/colcon', 'build']
[0.164s] DEBUG:colcon:Parsed command line arguments: Namespace(log_base=None, log_level=None, verb_name='build', build_base='build', install_base='install', merge_install=False, symlink_install=False, test_result_base=None, continue_on_error=False, executor='parallel', parallel_workers=2, event_handlers=None, ignore_user_meta=False, metas=['./colcon.meta'], base_paths=['.'], packages_ignore=None, packages_ignore_regex=None, paths=None, packages_up_to=None, packages_up_to_regex=None, packages_above=None, packages_above_and_dependencies=None, packages_above_depth=None, packages_select_by_dep=None, packages_skip_by_dep=None, packages_skip_up_to=None, packages_select_build_failed=False, packages_skip_build_finished=False, packages_select_test_failures=False, packages_skip_test_passed=False, packages_select=None, packages_skip=None, packages_select_regex=None, packages_skip_regex=None, packages_start=None, packages_end=None, allow_overriding=[], cmake_args=None, cmake_target=None, cmake_target_skip_unavailable=False, cmake_clean_cache=False, cmake_clean_first=False, cmake_force_configure=False, ament_cmake_args=None, catkin_cmake_args=None, catkin_skip_building_tests=False, mixin_files=None, mixin=None, verb_parser=<colcon_mixin.mixin.mixin_argument.MixinArgumentDecorator object at 0x7ef860f727d0>, verb_extension=<colcon_core.verb.build.BuildVerb object at 0x7ef86106f7f0>, main=<bound method BuildVerb.main of <colcon_core.verb.build.BuildVerb object at 0x7ef86106f7f0>>, mixin_verb=('build',))
[0.380s] Level 1:colcon.colcon_core.package_discovery:discover_packages(colcon_meta) check parameters
[0.381s] Level 1:colcon.colcon_core.package_discovery:discover_packages(recursive) check parameters
[0.381s] Level 1:colcon.colcon_core.package_discovery:discover_packages(ignore) check parameters
[0.381s] Level 1:colcon.colcon_core.package_discovery:discover_packages(path) check parameters
[0.381s] Level 1:colcon.colcon_core.package_discovery:discover_packages(colcon_meta) discover
[0.381s] Level 1:colcon.colcon_core.package_discovery:discover_packages(recursive) discover
[0.381s] INFO:colcon.colcon_core.package_discovery:Crawling recursively for packages in '/home/shivam/RoboticArm_ws'
[0.381s] Level 1:colcon.colcon_core.package_identification:_identify(.) by extensions ['ignore', 'ignore_ament_install']
[0.381s] Level 1:colcon.colcon_core.package_identification:_identify(.) by extension 'ignore'
[0.381s] Level 1:colcon.colcon_core.package_identification:_identify(.) by extension 'ignore_ament_install'
[0.381s] Level 1:colcon.colcon_core.package_identification:_identify(.) by extensions ['colcon_pkg']
[0.381s] Level 1:colcon.colcon_core.package_identification:_identify(.) by extension 'colcon_pkg'
[0.381s] Level 1:colcon.colcon_core.package_identification:_identify(.) by extensions ['colcon_meta']
[0.381s] Level 1:colcon.colcon_core.package_identification:_identify(.) by extension 'colcon_meta'
[0.381s] Level 1:colcon.colcon_core.package_identification:_identify(.) by extensions ['ros']
[0.381s] Level 1:colcon.colcon_core.package_identification:_identify(.) by extension 'ros'
[0.402s] Level 1:colcon.colcon_core.package_identification:_identify(.) by extensions ['cmake', 'python']
[0.402s] Level 1:colcon.colcon_core.package_identification:_identify(.) by extension 'cmake'
[0.402s] Level 1:colcon.colcon_core.package_identification:_identify(.) by extension 'python'
[0.402s] Level 1:colcon.colcon_core.package_identification:_identify(.) by extensions ['python_setup_py']
[0.402s] Level 1:colcon.colcon_core.package_identification:_identify(.) by extension 'python_setup_py'
[0.402s] Level 1:colcon.colcon_core.package_identification:_identify(build) by extensions ['ignore', 'ignore_ament_install']
[0.402s] Level 1:colcon.colcon_core.package_identification:_identify(build) by extension 'ignore'
[0.402s] Level 1:colcon.colcon_core.package_identification:_identify(build) ignored
[0.402s] Level 1:colcon.colcon_core.package_identification:_identify(install) by extensions ['ignore', 'ignore_ament_install']
[0.402s] Level 1:colcon.colcon_core.package_identification:_identify(install) by extension 'ignore'
[0.402s] Level 1:colcon.colcon_core.package_identification:_identify(install) ignored
[0.402s] Level 1:colcon.colcon_core.package_identification:_identify(log) by extensions ['ignore', 'ignore_ament_install']
[0.402s] Level 1:colcon.colcon_core.package_identification:_identify(log) by extension 'ignore'
[0.402s] Level 1:colcon.colcon_core.package_identification:_identify(log) ignored
[0.402s] Level 1:colcon.colcon_core.package_identification:_identify(my_robot_moveit_config) by extensions ['ignore', 'ignore_ament_install']
[0.402s] Level 1:colcon.colcon_core.package_identification:_identify(my_robot_moveit_config) by extension 'ignore'
[0.402s] Level 1:colcon.colcon_core.package_identification:_identify(my_robot_moveit_config) by extension 'ignore_ament_install'
[0.403s] Level 1:colcon.colcon_core.package_identification:_identify(my_robot_moveit_config) by extensions ['colcon_pkg']
[0.403s] Level 1:colcon.colcon_core.package_identification:_identify(my_robot_moveit_config) by extension 'colcon_pkg'
[0.403s] Level 1:colcon.colcon_core.package_identification:_identify(my_robot_moveit_config) by extensions ['colcon_meta']
[0.403s] Level 1:colcon.colcon_core.package_identification:_identify(my_robot_moveit_config) by extension 'colcon_meta'
[0.403s] Level 1:colcon.colcon_core.package_identification:_identify(my_robot_moveit_config) by extensions ['ros']
[0.403s] Level 1:colcon.colcon_core.package_identification:_identify(my_robot_moveit_config) by extension 'ros'
[0.409s] DEBUG:colcon.colcon_core.package_identification:Package 'my_robot_moveit_config' with type 'ros.ament_cmake' and name 'my_robot_moveit_config'
[0.409s] Level 1:colcon.colcon_core.package_identification:_identify(src) by extensions ['ignore', 'ignore_ament_install']
[0.409s] Level 1:colcon.colcon_core.package_identification:_identify(src) by extension 'ignore'
[0.409s] Level 1:colcon.colcon_core.package_identification:_identify(src) by extension 'ignore_ament_install'
[0.409s] Level 1:colcon.colcon_core.package_identification:_identify(src) by extensions ['colcon_pkg']
[0.409s] Level 1:colcon.colcon_core.package_identification:_identify(src) by extension 'colcon_pkg'
[0.409s] Level 1:colcon.colcon_core.package_identification:_identify(src) by extensions ['colcon_meta']
[0.409s] Level 1:colcon.colcon_core.package_identification:_identify(src) by extension 'colcon_meta'
[0.409s] Level 1:colcon.colcon_core.package_identification:_identify(src) by extensions ['ros']
[0.410s] Level 1:colcon.colcon_core.package_identification:_identify(src) by extension 'ros'
[0.410s] Level 1:colcon.colcon_core.package_identification:_identify(src) by extensions ['cmake', 'python']
[0.410s] Level 1:colcon.colcon_core.package_identification:_identify(src) by extension 'cmake'
[0.410s] Level 1:colcon.colcon_core.package_identification:_identify(src) by extension 'python'
[0.410s] Level 1:colcon.colcon_core.package_identification:_identify(src) by extensions ['python_setup_py']
[0.410s] Level 1:colcon.colcon_core.package_identification:_identify(src) by extension 'python_setup_py'
[0.410s] Level 1:colcon.colcon_core.package_identification:_identify(src/moveit2) by extensions ['ignore', 'ignore_ament_install']
[0.410s] Level 1:colcon.colcon_core.package_identification:_identify(src/moveit2) by extension 'ignore'
[0.410s] Level 1:colcon.colcon_core.package_identification:_identify(src/moveit2) by extension 'ignore_ament_install'
[0.410s] Level 1:colcon.colcon_core.package_identification:_identify(src/moveit2) by extensions ['colcon_pkg']
[0.410s] Level 1:colcon.colcon_core.package_identification:_identify(src/moveit2) by extension 'colcon_pkg'
[0.410s] Level 1:colcon.colcon_core.package_identification:_identify(src/moveit2) by extensions ['colcon_meta']
[0.410s] Level 1:colcon.colcon_core.package_identification:_identify(src/moveit2) by extension 'colcon_meta'
[0.410s] Level 1:colcon.colcon_core.package_identification:_identify(src/moveit2) by extensions ['ros']
[0.411s] Level 1:colcon.colcon_core.package_identification:_identify(src/moveit2) by extension 'ros'
[0.411s] Level 1:colcon.colcon_core.package_identification:_identify(src/moveit2) by extensions ['cmake', 'python']
[0.411s] Level 1:colcon.colcon_core.package_identification:_identify(src/moveit2) by extension 'cmake'
[0.411s] Level 1:colcon.colcon_core.package_identification:_identify(src/moveit2) by extension 'python'
[0.411s] Level 1:colcon.colcon_core.package_identification:_identify(src/moveit2) by extensions ['python_setup_py']
[0.411s] Level 1:colcon.colcon_core.package_identification:_identify(src/moveit2) by extension 'python_setup_py'
[0.411s] Level 1:colcon.colcon_core.package_identification:_identify(src/moveit2/my_robot_description) by extensions ['ignore', 'ignore_ament_install']
[0.411s] Level 1:colcon.colcon_core.package_identification:_identify(src/moveit2/my_robot_description) by extension 'ignore'
[0.411s] Level 1:colcon.colcon_core.package_identification:_identify(src/moveit2/my_robot_description) by extension 'ignore_ament_install'
[0.411s] Level 1:colcon.colcon_core.package_identification:_identify(src/moveit2/my_robot_description) by extensions ['colcon_pkg']
[0.411s] Level 1:colcon.colcon_core.package_identification:_identify(src/moveit2/my_robot_description) by extension 'colcon_pkg'
[0.411s] Level 1:colcon.colcon_core.package_identification:_identify(src/moveit2/my_robot_description) by extensions ['colcon_meta']
[0.411s] Level 1:colcon.colcon_core.package_identification:_identify(src/moveit2/my_robot_description) by extension 'colcon_meta'
[0.411s] Level 1:colcon.colcon_core.package_identification:_identify(src/moveit2/my_robot_description) by extensions ['ros']
[0.411s] Level 1:colcon.colcon_core.package_identification:_identify(src/moveit2/my_robot_description) by extension 'ros'
[0.412s] DEBUG:colcon.colcon_core.package_identification:Package 'src/moveit2/my_robot_description' with type 'ros.ament_cmake' and name 'my_robot_description'
[0.413s] Level 1:colcon.colcon_core.package_discovery:discover_packages(recursive) using defaults
[0.413s] Level 1:colcon.colcon_core.package_discovery:discover_packages(ignore) discover
[0.413s] Level 1:colcon.colcon_core.package_discovery:discover_packages(ignore) using defaults
[0.413s] Level 1:colcon.colcon_core.package_discovery:discover_packages(path) discover
[0.413s] Level 1:colcon.colcon_core.package_discovery:discover_packages(path) using defaults
[0.483s] Level 1:colcon.colcon_core.package_discovery:discover_packages(prefix_path) check parameters
[0.483s] Level 1:colcon.colcon_core.package_discovery:discover_packages(prefix_path) discover
[0.485s] DEBUG:colcon.colcon_installed_package_information.package_discovery:Found 2 installed packages in /home/shivam/RoboticArm_ws/install
[0.485s] DEBUG:colcon.colcon_installed_package_information.package_discovery:Found 1 installed packages in /home/shivam/ros2_ws/install
[0.486s] DEBUG:colcon.colcon_installed_package_information.package_discovery:Found 452 installed packages in /opt/ros/humble
[0.491s] Level 1:colcon.colcon_core.package_discovery:discover_packages(prefix_path) using defaults
[0.554s] Level 5:colcon.colcon_core.verb:set package 'my_robot_description' build argument 'cmake_args' from command line to 'None'
[0.554s] Level 5:colcon.colcon_core.verb:set package 'my_robot_description' build argument 'cmake_target' from command line to 'None'
[0.554s] Level 5:colcon.colcon_core.verb:set package 'my_robot_description' build argument 'cmake_target_skip_unavailable' from command line to 'False'
[0.554s] Level 5:colcon.colcon_core.verb:set package 'my_robot_description' build argument 'cmake_clean_cache' from command line to 'False'
[0.554s] Level 5:colcon.colcon_core.verb:set package 'my_robot_description' build argument 'cmake_clean_first' from command line to 'False'
[0.554s] Level 5:colcon.colcon_core.verb:set package 'my_robot_description' build argument 'cmake_force_configure' from command line to 'False'
[0.554s] Level 5:colcon.colcon_core.verb:set package 'my_robot_description' build argument 'ament_cmake_args' from command line to 'None'
[0.554s] Level 5:colcon.colcon_core.verb:set package 'my_robot_description' build argument 'catkin_cmake_args' from command line to 'None'
[0.554s] Level 5:colcon.colcon_core.verb:set package 'my_robot_description' build argument 'catkin_skip_building_tests' from command line to 'False'
[0.554s] DEBUG:colcon.colcon_core.verb:Building package 'my_robot_description' with the following arguments: {'ament_cmake_args': None, 'build_base': '/home/shivam/RoboticArm_ws/build/my_robot_description', 'catkin_cmake_args': None, 'catkin_skip_building_tests': False, 'cmake_args': None, 'cmake_clean_cache': False, 'cmake_clean_first': False, 'cmake_force_configure': False, 'cmake_target': None, 'cmake_target_skip_unavailable': False, 'install_base': '/home/shivam/RoboticArm_ws/install/my_robot_description', 'merge_install': False, 'path': '/home/shivam/RoboticArm_ws/src/moveit2/my_robot_description', 'symlink_install': False, 'test_result_base': None}
[0.555s] Level 5:colcon.colcon_core.verb:set package 'my_robot_moveit_config' build argument 'cmake_args' from command line to 'None'
[0.555s] Level 5:colcon.colcon_core.verb:set package 'my_robot_moveit_config' build argument 'cmake_target' from command line to 'None'
[0.555s] Level 5:colcon.colcon_core.verb:set package 'my_robot_moveit_config' build argument 'cmake_target_skip_unavailable' from command line to 'False'
[0.555s] Level 5:colcon.colcon_core.verb:set package 'my_robot_moveit_config' build argument 'cmake_clean_cache' from command line to 'False'
[0.555s] Level 5:colcon.colcon_core.verb:set package 'my_robot_moveit_config' build argument 'cmake_clean_first' from command line to 'False'
[0.555s] Level 5:colcon.colcon_core.verb:set package 'my_robot_moveit_config' build argument 'cmake_force_configure' from command line to 'False'
[0.555s] Level 5:colcon.colcon_core.verb:set package 'my_robot_moveit_config' build argument 'ament_cmake_args' from command line to 'None'
[0.555s] Level 5:colcon.colcon_core.verb:set package 'my_robot_moveit_config' build argument 'catkin_cmake_args' from command line to 'None'
[0.555s] Level 5:colcon.colcon_core.verb:set package 'my_robot_moveit_config' build argument 'catkin_skip_building_tests' from command line to 'False'
[0.555s] DEBUG:colcon.colcon_core.verb:Building package 'my_robot_moveit_config' with the following arguments: {'ament_cmake_args': None, 'build_base': '/home/shivam/RoboticArm_ws/build/my_robot_moveit_config', 'catkin_cmake_args': None, 'catkin_skip_building_tests': False, 'cmake_args': None, 'cmake_clean_cache': False, 'cmake_clean_first': False, 'cmake_force_configure': False, 'cmake_target': None, 'cmake_target_skip_unavailable': False, 'install_base': '/home/shivam/RoboticArm_ws/install/my_robot_moveit_config', 'merge_install': False, 'path': '/home/shivam/RoboticArm_ws/my_robot_moveit_config', 'symlink_install': False, 'test_result_base': None}
[0.555s] INFO:colcon.colcon_core.executor:Executing jobs using 'parallel' executor
[0.557s] DEBUG:colcon.colcon_parallel_executor.executor.parallel:run_until_complete
[0.558s] INFO:colcon.colcon_ros.task.ament_cmake.build:Building ROS package in '/home/shivam/RoboticArm_ws/src/moveit2/my_robot_description' with build type 'ament_cmake'
[0.558s] INFO:colcon.colcon_cmake.task.cmake.build:Building CMake package in '/home/shivam/RoboticArm_ws/src/moveit2/my_robot_description'
[0.562s] INFO:colcon.colcon_core.plugin_system:Skipping extension 'colcon_core.shell.bat': Not used on non-Windows systems
[0.562s] INFO:colcon.colcon_core.shell:Skip shell extension 'powershell' for command environment: Not usable outside of PowerShell
[0.562s] DEBUG:colcon.colcon_core.shell:Skip shell extension 'dsv' for command environment
[0.591s] DEBUG:colcon.colcon_core.event_handler.log_command:Invoking command in '/home/shivam/RoboticArm_ws/build/my_robot_description': CMAKE_PREFIX_PATH=${CMAKE_PREFIX_PATH}:/home/shivam/ros2_ws/install/my_robot_controller:/opt/ros/humble /usr/bin/cmake --build /home/shivam/RoboticArm_ws/build/my_robot_description -- -j2 -l2
[0.707s] DEBUG:colcon.colcon_core.event_handler.log_command:Invoked command in '/home/shivam/RoboticArm_ws/build/my_robot_description' returned '0': CMAKE_PREFIX_PATH=${CMAKE_PREFIX_PATH}:/home/shivam/ros2_ws/install/my_robot_controller:/opt/ros/humble /usr/bin/cmake --build /home/shivam/RoboticArm_ws/build/my_robot_description -- -j2 -l2
[0.720s] DEBUG:colcon.colcon_core.event_handler.log_command:Invoking command in '/home/shivam/RoboticArm_ws/build/my_robot_description': CMAKE_PREFIX_PATH=${CMAKE_PREFIX_PATH}:/home/shivam/ros2_ws/install/my_robot_controller:/opt/ros/humble /usr/bin/cmake --install /home/shivam/RoboticArm_ws/build/my_robot_description
[0.734s] Level 1:colcon.colcon_core.environment:create_environment_scripts_only(my_robot_description)
[0.737s] Level 1:colcon.colcon_core.environment:checking '/home/shivam/RoboticArm_ws/install/my_robot_description' for CMake module files
[0.737s] Level 1:colcon.colcon_core.environment:checking '/home/shivam/RoboticArm_ws/install/my_robot_description' for CMake config files
[0.738s] Level 1:colcon.colcon_core.shell:create_environment_hook('my_robot_description', 'cmake_prefix_path')
[0.738s] INFO:colcon.colcon_core.shell:Creating environment hook '/home/shivam/RoboticArm_ws/install/my_robot_description/share/my_robot_description/hook/cmake_prefix_path.ps1'
[0.738s] INFO:colcon.colcon_core.shell:Creating environment descriptor '/home/shivam/RoboticArm_ws/install/my_robot_description/share/my_robot_description/hook/cmake_prefix_path.dsv'
[0.739s] DEBUG:colcon.colcon_core.event_handler.log_command:Invoked command in '/home/shivam/RoboticArm_ws/build/my_robot_description' returned '0': CMAKE_PREFIX_PATH=${CMAKE_PREFIX_PATH}:/home/shivam/ros2_ws/install/my_robot_controller:/opt/ros/humble /usr/bin/cmake --install /home/shivam/RoboticArm_ws/build/my_robot_description
[0.740s] INFO:colcon.colcon_core.shell:Creating environment hook '/home/shivam/RoboticArm_ws/install/my_robot_description/share/my_robot_description/hook/cmake_prefix_path.sh'
[0.741s] Level 1:colcon.colcon_core.environment:checking '/home/shivam/RoboticArm_ws/install/my_robot_description/bin'
[0.741s] Level 1:colcon.colcon_core.environment:checking '/home/shivam/RoboticArm_ws/install/my_robot_description/lib/pkgconfig/my_robot_description.pc'
[0.741s] Level 1:colcon.colcon_core.environment:checking '/home/shivam/RoboticArm_ws/install/my_robot_description/lib/python3.10/site-packages'
[0.742s] Level 1:colcon.colcon_core.environment:checking '/home/shivam/RoboticArm_ws/install/my_robot_description/bin'
[0.742s] INFO:colcon.colcon_core.shell:Creating package script '/home/shivam/RoboticArm_ws/install/my_robot_description/share/my_robot_description/package.ps1'
[0.743s] INFO:colcon.colcon_core.shell:Creating package descriptor '/home/shivam/RoboticArm_ws/install/my_robot_description/share/my_robot_description/package.dsv'
[0.744s] INFO:colcon.colcon_core.shell:Creating package script '/home/shivam/RoboticArm_ws/install/my_robot_description/share/my_robot_description/package.sh'
[0.745s] INFO:colcon.colcon_core.shell:Creating package script '/home/shivam/RoboticArm_ws/install/my_robot_description/share/my_robot_description/package.bash'
[0.746s] INFO:colcon.colcon_core.shell:Creating package script '/home/shivam/RoboticArm_ws/install/my_robot_description/share/my_robot_description/package.zsh'
[0.747s] Level 1:colcon.colcon_core.environment:create_file_with_runtime_dependencies(/home/shivam/RoboticArm_ws/install/my_robot_description/share/colcon-core/packages/my_robot_description)
[0.748s] Level 1:colcon.colcon_core.environment:create_environment_scripts_only(my_robot_description)
[0.748s] Level 1:colcon.colcon_core.environment:checking '/home/shivam/RoboticArm_ws/install/my_robot_description' for CMake module files
[0.748s] Level 1:colcon.colcon_core.environment:checking '/home/shivam/RoboticArm_ws/install/my_robot_description' for CMake config files
[0.749s] Level 1:colcon.colcon_core.shell:create_environment_hook('my_robot_description', 'cmake_prefix_path')
[0.749s] INFO:colcon.colcon_core.shell:Creating environment hook '/home/shivam/RoboticArm_ws/install/my_robot_description/share/my_robot_description/hook/cmake_prefix_path.ps1'
[0.749s] INFO:colcon.colcon_core.shell:Creating environment descriptor '/home/shivam/RoboticArm_ws/install/my_robot_description/share/my_robot_description/hook/cmake_prefix_path.dsv'
[0.750s] INFO:colcon.colcon_core.shell:Creating environment hook '/home/shivam/RoboticArm_ws/install/my_robot_description/share/my_robot_description/hook/cmake_prefix_path.sh'
[0.751s] Level 1:colcon.colcon_core.environment:checking '/home/shivam/RoboticArm_ws/install/my_robot_description/bin'
[0.751s] Level 1:colcon.colcon_core.environment:checking '/home/shivam/RoboticArm_ws/install/my_robot_description/lib/pkgconfig/my_robot_description.pc'
[0.751s] Level 1:colcon.colcon_core.environment:checking '/home/shivam/RoboticArm_ws/install/my_robot_description/lib/python3.10/site-packages'
[0.751s] Level 1:colcon.colcon_core.environment:checking '/home/shivam/RoboticArm_ws/install/my_robot_description/bin'
[0.752s] INFO:colcon.colcon_core.shell:Creating package script '/home/shivam/RoboticArm_ws/install/my_robot_description/share/my_robot_description/package.ps1'
[0.752s] INFO:colcon.colcon_core.shell:Creating package descriptor '/home/shivam/RoboticArm_ws/install/my_robot_description/share/my_robot_description/package.dsv'
[0.753s] INFO:colcon.colcon_core.shell:Creating package script '/home/shivam/RoboticArm_ws/install/my_robot_description/share/my_robot_description/package.sh'
[0.753s] INFO:colcon.colcon_core.shell:Creating package script '/home/shivam/RoboticArm_ws/install/my_robot_description/share/my_robot_description/package.bash'
[0.754s] INFO:colcon.colcon_core.shell:Creating package script '/home/shivam/RoboticArm_ws/install/my_robot_description/share/my_robot_description/package.zsh'
[0.755s] Level 1:colcon.colcon_core.environment:create_file_with_runtime_dependencies(/home/shivam/RoboticArm_ws/install/my_robot_description/share/colcon-core/packages/my_robot_description)
[0.756s] INFO:colcon.colcon_ros.task.ament_cmake.build:Building ROS package in '/home/shivam/RoboticArm_ws/my_robot_moveit_config' with build type 'ament_cmake'
[0.756s] INFO:colcon.colcon_cmake.task.cmake.build:Building CMake package in '/home/shivam/RoboticArm_ws/my_robot_moveit_config'
[0.756s] INFO:colcon.colcon_core.shell:Skip shell extension 'powershell' for command environment: Not usable outside of PowerShell
[0.756s] DEBUG:colcon.colcon_core.shell:Skip shell extension 'dsv' for command environment
[0.771s] DEBUG:colcon.colcon_core.event_handler.log_command:Invoking command in '/home/shivam/RoboticArm_ws/build/my_robot_moveit_config': CMAKE_PREFIX_PATH=/home/shivam/RoboticArm_ws/install/my_robot_description:/home/shivam/RoboticArm_ws/install/my_robot_moveit_config:/home/shivam/ros2_ws/install/my_robot_controller:/opt/ros/humble /usr/bin/cmake --build /home/shivam/RoboticArm_ws/build/my_robot_moveit_config -- -j2 -l2
[0.836s] DEBUG:colcon.colcon_core.event_handler.log_command:Invoked command in '/home/shivam/RoboticArm_ws/build/my_robot_moveit_config' returned '0': CMAKE_PREFIX_PATH=/home/shivam/RoboticArm_ws/install/my_robot_description:/home/shivam/RoboticArm_ws/install/my_robot_moveit_config:/home/shivam/ros2_ws/install/my_robot_controller:/opt/ros/humble /usr/bin/cmake --build /home/shivam/RoboticArm_ws/build/my_robot_moveit_config -- -j2 -l2
[0.839s] DEBUG:colcon.colcon_core.event_handler.log_command:Invoking command in '/home/shivam/RoboticArm_ws/build/my_robot_moveit_config': CMAKE_PREFIX_PATH=/home/shivam/RoboticArm_ws/install/my_robot_description:/home/shivam/RoboticArm_ws/install/my_robot_moveit_config:/home/shivam/ros2_ws/install/my_robot_controller:/opt/ros/humble /usr/bin/cmake --install /home/shivam/RoboticArm_ws/build/my_robot_moveit_config
[0.854s] Level 1:colcon.colcon_core.environment:create_environment_scripts_only(my_robot_moveit_config)
[0.854s] Level 1:colcon.colcon_core.environment:checking '/home/shivam/RoboticArm_ws/install/my_robot_moveit_config' for CMake module files
[0.855s] DEBUG:colcon.colcon_core.event_handler.log_command:Invoked command in '/home/shivam/RoboticArm_ws/build/my_robot_moveit_config' returned '0': CMAKE_PREFIX_PATH=/home/shivam/RoboticArm_ws/install/my_robot_description:/home/shivam/RoboticArm_ws/install/my_robot_moveit_config:/home/shivam/ros2_ws/install/my_robot_controller:/opt/ros/humble /usr/bin/cmake --install /home/shivam/RoboticArm_ws/build/my_robot_moveit_config
[0.855s] Level 1:colcon.colcon_core.environment:checking '/home/shivam/RoboticArm_ws/install/my_robot_moveit_config' for CMake config files
[0.856s] Level 1:colcon.colcon_core.shell:create_environment_hook('my_robot_moveit_config', 'cmake_prefix_path')
[0.856s] INFO:colcon.colcon_core.shell:Creating environment hook '/home/shivam/RoboticArm_ws/install/my_robot_moveit_config/share/my_robot_moveit_config/hook/cmake_prefix_path.ps1'
[0.857s] INFO:colcon.colcon_core.shell:Creating environment descriptor '/home/shivam/RoboticArm_ws/install/my_robot_moveit_config/share/my_robot_moveit_config/hook/cmake_prefix_path.dsv'
[0.858s] INFO:colcon.colcon_core.shell:Creating environment hook '/home/shivam/RoboticArm_ws/install/my_robot_moveit_config/share/my_robot_moveit_config/hook/cmake_prefix_path.sh'
[0.859s] Level 1:colcon.colcon_core.environment:checking '/home/shivam/RoboticArm_ws/install/my_robot_moveit_config/bin'
[0.859s] Level 1:colcon.colcon_core.environment:checking '/home/shivam/RoboticArm_ws/install/my_robot_moveit_config/lib/pkgconfig/my_robot_moveit_config.pc'
[0.859s] Level 1:colcon.colcon_core.environment:checking '/home/shivam/RoboticArm_ws/install/my_robot_moveit_config/lib/python3.10/site-packages'
[0.860s] Level 1:colcon.colcon_core.environment:checking '/home/shivam/RoboticArm_ws/install/my_robot_moveit_config/bin'
[0.860s] INFO:colcon.colcon_core.shell:Creating package script '/home/shivam/RoboticArm_ws/install/my_robot_moveit_config/share/my_robot_moveit_config/package.ps1'
[0.861s] INFO:colcon.colcon_core.shell:Creating package descriptor '/home/shivam/RoboticArm_ws/install/my_robot_moveit_config/share/my_robot_moveit_config/package.dsv'
[0.862s] INFO:colcon.colcon_core.shell:Creating package script '/home/shivam/RoboticArm_ws/install/my_robot_moveit_config/share/my_robot_moveit_config/package.sh'
[0.862s] INFO:colcon.colcon_core.shell:Creating package script '/home/shivam/RoboticArm_ws/install/my_robot_moveit_config/share/my_robot_moveit_config/package.bash'
[0.863s] INFO:colcon.colcon_core.shell:Creating package script '/home/shivam/RoboticArm_ws/install/my_robot_moveit_config/share/my_robot_moveit_config/package.zsh'
[0.864s] Level 1:colcon.colcon_core.environment:create_file_with_runtime_dependencies(/home/shivam/RoboticArm_ws/install/my_robot_moveit_config/share/colcon-core/packages/my_robot_moveit_config)
[0.865s] Level 1:colcon.colcon_core.environment:create_environment_scripts_only(my_robot_moveit_config)
[0.865s] Level 1:colcon.colcon_core.environment:checking '/home/shivam/RoboticArm_ws/install/my_robot_moveit_config' for CMake module files
[0.865s] Level 1:colcon.colcon_core.environment:checking '/home/shivam/RoboticArm_ws/install/my_robot_moveit_config' for CMake config files
[0.865s] Level 1:colcon.colcon_core.shell:create_environment_hook('my_robot_moveit_config', 'cmake_prefix_path')
[0.866s] INFO:colcon.colcon_core.shell:Creating environment hook '/home/shivam/RoboticArm_ws/install/my_robot_moveit_config/share/my_robot_moveit_config/hook/cmake_prefix_path.ps1'
[0.866s] INFO:colcon.colcon_core.shell:Creating environment descriptor '/home/shivam/RoboticArm_ws/install/my_robot_moveit_config/share/my_robot_moveit_config/hook/cmake_prefix_path.dsv'
[0.867s] INFO:colcon.colcon_core.shell:Creating environment hook '/home/shivam/RoboticArm_ws/install/my_robot_moveit_config/share/my_robot_moveit_config/hook/cmake_prefix_path.sh'
[0.868s] Level 1:colcon.colcon_core.environment:checking '/home/shivam/RoboticArm_ws/install/my_robot_moveit_config/bin'
[0.868s] Level 1:colcon.colcon_core.environment:checking '/home/shivam/RoboticArm_ws/install/my_robot_moveit_config/lib/pkgconfig/my_robot_moveit_config.pc'
[0.868s] Level 1:colcon.colcon_core.environment:checking '/home/shivam/RoboticArm_ws/install/my_robot_moveit_config/lib/python3.10/site-packages'
[0.869s] Level 1:colcon.colcon_core.environment:checking '/home/shivam/RoboticArm_ws/install/my_robot_moveit_config/bin'
[0.869s] INFO:colcon.colcon_core.shell:Creating package script '/home/shivam/RoboticArm_ws/install/my_robot_moveit_config/share/my_robot_moveit_config/package.ps1'
[0.870s] INFO:colcon.colcon_core.shell:Creating package descriptor '/home/shivam/RoboticArm_ws/install/my_robot_moveit_config/share/my_robot_moveit_config/package.dsv'
[0.870s] INFO:colcon.colcon_core.shell:Creating package script '/home/shivam/RoboticArm_ws/install/my_robot_moveit_config/share/my_robot_moveit_config/package.sh'
[0.871s] INFO:colcon.colcon_core.shell:Creating package script '/home/shivam/RoboticArm_ws/install/my_robot_moveit_config/share/my_robot_moveit_config/package.bash'
[0.872s] INFO:colcon.colcon_core.shell:Creating package script '/home/shivam/RoboticArm_ws/install/my_robot_moveit_config/share/my_robot_moveit_config/package.zsh'
[0.873s] Level 1:colcon.colcon_core.environment:create_file_with_runtime_dependencies(/home/shivam/RoboticArm_ws/install/my_robot_moveit_config/share/colcon-core/packages/my_robot_moveit_config)
[0.874s] DEBUG:colcon.colcon_parallel_executor.executor.parallel:closing loop
[0.874s] DEBUG:colcon.colcon_parallel_executor.executor.parallel:loop closed
[0.874s] DEBUG:colcon.colcon_parallel_executor.executor.parallel:run_until_complete finished with '0'
[0.874s] DEBUG:colcon.colcon_core.event_reactor:joining thread
[0.880s] INFO:colcon.colcon_core.plugin_system:Skipping extension 'colcon_notification.desktop_notification.terminal_notifier': Not used on non-Darwin systems
[0.880s] INFO:colcon.colcon_core.plugin_system:Skipping extension 'colcon_notification.desktop_notification.win32': Not used on non-Windows systems
[0.880s] INFO:colcon.colcon_notification.desktop_notification:Sending desktop notification using 'notify2'
[0.949s] DEBUG:colcon.colcon_core.event_reactor:joined thread
[0.950s] INFO:colcon.colcon_core.shell:Creating prefix script '/home/shivam/RoboticArm_ws/install/local_setup.ps1'
[0.952s] INFO:colcon.colcon_core.shell:Creating prefix util module '/home/shivam/RoboticArm_ws/install/_local_setup_util_ps1.py'
[0.956s] INFO:colcon.colcon_core.shell:Creating prefix chain script '/home/shivam/RoboticArm_ws/install/setup.ps1'
[0.960s] INFO:colcon.colcon_core.shell:Creating prefix script '/home/shivam/RoboticArm_ws/install/local_setup.sh'
[0.961s] INFO:colcon.colcon_core.shell:Creating prefix util module '/home/shivam/RoboticArm_ws/install/_local_setup_util_sh.py'
[0.962s] INFO:colcon.colcon_core.shell:Creating prefix chain script '/home/shivam/RoboticArm_ws/install/setup.sh'
[0.965s] INFO:colcon.colcon_core.shell:Creating prefix script '/home/shivam/RoboticArm_ws/install/local_setup.bash'
[0.966s] INFO:colcon.colcon_core.shell:Creating prefix chain script '/home/shivam/RoboticArm_ws/install/setup.bash'
[0.967s] INFO:colcon.colcon_core.shell:Creating prefix script '/home/shivam/RoboticArm_ws/install/local_setup.zsh'
[0.968s] INFO:colcon.colcon_core.shell:Creating prefix chain script '/home/shivam/RoboticArm_ws/install/setup.zsh'
