[0.173s] DEBUG:colcon:Command line arguments: ['/usr/bin/colcon', 'build']
[0.173s] DEBUG:colcon:Parsed command line arguments: Namespace(log_base=None, log_level=None, verb_name='build', build_base='build', install_base='install', merge_install=False, symlink_install=False, test_result_base=None, continue_on_error=False, executor='parallel', parallel_workers=2, event_handlers=None, ignore_user_meta=False, metas=['./colcon.meta'], base_paths=['.'], packages_ignore=None, packages_ignore_regex=None, paths=None, packages_up_to=None, packages_up_to_regex=None, packages_above=None, packages_above_and_dependencies=None, packages_above_depth=None, packages_select_by_dep=None, packages_skip_by_dep=None, packages_skip_up_to=None, packages_select_build_failed=False, packages_skip_build_finished=False, packages_select_test_failures=False, packages_skip_test_passed=False, packages_select=None, packages_skip=None, packages_select_regex=None, packages_skip_regex=None, packages_start=None, packages_end=None, allow_overriding=[], cmake_args=None, cmake_target=None, cmake_target_skip_unavailable=False, cmake_clean_cache=False, cmake_clean_first=False, cmake_force_configure=False, ament_cmake_args=None, catkin_cmake_args=None, catkin_skip_building_tests=False, mixin_files=None, mixin=None, verb_parser=<colcon_mixin.mixin.mixin_argument.MixinArgumentDecorator object at 0x76dbc6d5e7a0>, verb_extension=<colcon_core.verb.build.BuildVerb object at 0x76dbc6e5b7c0>, main=<bound method BuildVerb.main of <colcon_core.verb.build.BuildVerb object at 0x76dbc6e5b7c0>>, mixin_verb=('build',))
[0.437s] Level 1:colcon.colcon_core.package_discovery:discover_packages(colcon_meta) check parameters
[0.437s] Level 1:colcon.colcon_core.package_discovery:discover_packages(recursive) check parameters
[0.438s] Level 1:colcon.colcon_core.package_discovery:discover_packages(ignore) check parameters
[0.438s] Level 1:colcon.colcon_core.package_discovery:discover_packages(path) check parameters
[0.438s] Level 1:colcon.colcon_core.package_discovery:discover_packages(colcon_meta) discover
[0.438s] Level 1:colcon.colcon_core.package_discovery:discover_packages(recursive) discover
[0.438s] INFO:colcon.colcon_core.package_discovery:Crawling recursively for packages in '/home/shivam/RoboticArm_ws'
[0.438s] Level 1:colcon.colcon_core.package_identification:_identify(.) by extensions ['ignore', 'ignore_ament_install']
[0.438s] Level 1:colcon.colcon_core.package_identification:_identify(.) by extension 'ignore'
[0.438s] Level 1:colcon.colcon_core.package_identification:_identify(.) by extension 'ignore_ament_install'
[0.438s] Level 1:colcon.colcon_core.package_identification:_identify(.) by extensions ['colcon_pkg']
[0.438s] Level 1:colcon.colcon_core.package_identification:_identify(.) by extension 'colcon_pkg'
[0.438s] Level 1:colcon.colcon_core.package_identification:_identify(.) by extensions ['colcon_meta']
[0.438s] Level 1:colcon.colcon_core.package_identification:_identify(.) by extension 'colcon_meta'
[0.438s] Level 1:colcon.colcon_core.package_identification:_identify(.) by extensions ['ros']
[0.438s] Level 1:colcon.colcon_core.package_identification:_identify(.) by extension 'ros'
[0.456s] Level 1:colcon.colcon_core.package_identification:_identify(.) by extensions ['cmake', 'python']
[0.456s] Level 1:colcon.colcon_core.package_identification:_identify(.) by extension 'cmake'
[0.456s] Level 1:colcon.colcon_core.package_identification:_identify(.) by extension 'python'
[0.456s] Level 1:colcon.colcon_core.package_identification:_identify(.) by extensions ['python_setup_py']
[0.456s] Level 1:colcon.colcon_core.package_identification:_identify(.) by extension 'python_setup_py'
[0.457s] Level 1:colcon.colcon_core.package_identification:_identify(build) by extensions ['ignore', 'ignore_ament_install']
[0.457s] Level 1:colcon.colcon_core.package_identification:_identify(build) by extension 'ignore'
[0.457s] Level 1:colcon.colcon_core.package_identification:_identify(build) ignored
[0.458s] Level 1:colcon.colcon_core.package_identification:_identify(install) by extensions ['ignore', 'ignore_ament_install']
[0.458s] Level 1:colcon.colcon_core.package_identification:_identify(install) by extension 'ignore'
[0.458s] Level 1:colcon.colcon_core.package_identification:_identify(install) ignored
[0.458s] Level 1:colcon.colcon_core.package_identification:_identify(log) by extensions ['ignore', 'ignore_ament_install']
[0.458s] Level 1:colcon.colcon_core.package_identification:_identify(log) by extension 'ignore'
[0.458s] Level 1:colcon.colcon_core.package_identification:_identify(log) ignored
[0.458s] Level 1:colcon.colcon_core.package_identification:_identify(my_robot_moveit_config) by extensions ['ignore', 'ignore_ament_install']
[0.459s] Level 1:colcon.colcon_core.package_identification:_identify(my_robot_moveit_config) by extension 'ignore'
[0.459s] Level 1:colcon.colcon_core.package_identification:_identify(my_robot_moveit_config) by extension 'ignore_ament_install'
[0.459s] Level 1:colcon.colcon_core.package_identification:_identify(my_robot_moveit_config) by extensions ['colcon_pkg']
[0.459s] Level 1:colcon.colcon_core.package_identification:_identify(my_robot_moveit_config) by extension 'colcon_pkg'
[0.459s] Level 1:colcon.colcon_core.package_identification:_identify(my_robot_moveit_config) by extensions ['colcon_meta']
[0.459s] Level 1:colcon.colcon_core.package_identification:_identify(my_robot_moveit_config) by extension 'colcon_meta'
[0.459s] Level 1:colcon.colcon_core.package_identification:_identify(my_robot_moveit_config) by extensions ['ros']
[0.459s] Level 1:colcon.colcon_core.package_identification:_identify(my_robot_moveit_config) by extension 'ros'
[0.465s] DEBUG:colcon.colcon_core.package_identification:Package 'my_robot_moveit_config' with type 'ros.ament_cmake' and name 'my_robot_moveit_config'
[0.466s] Level 1:colcon.colcon_core.package_identification:_identify(src) by extensions ['ignore', 'ignore_ament_install']
[0.466s] Level 1:colcon.colcon_core.package_identification:_identify(src) by extension 'ignore'
[0.466s] Level 1:colcon.colcon_core.package_identification:_identify(src) by extension 'ignore_ament_install'
[0.467s] Level 1:colcon.colcon_core.package_identification:_identify(src) by extensions ['colcon_pkg']
[0.467s] Level 1:colcon.colcon_core.package_identification:_identify(src) by extension 'colcon_pkg'
[0.467s] Level 1:colcon.colcon_core.package_identification:_identify(src) by extensions ['colcon_meta']
[0.467s] Level 1:colcon.colcon_core.package_identification:_identify(src) by extension 'colcon_meta'
[0.467s] Level 1:colcon.colcon_core.package_identification:_identify(src) by extensions ['ros']
[0.467s] Level 1:colcon.colcon_core.package_identification:_identify(src) by extension 'ros'
[0.467s] Level 1:colcon.colcon_core.package_identification:_identify(src) by extensions ['cmake', 'python']
[0.467s] Level 1:colcon.colcon_core.package_identification:_identify(src) by extension 'cmake'
[0.467s] Level 1:colcon.colcon_core.package_identification:_identify(src) by extension 'python'
[0.467s] Level 1:colcon.colcon_core.package_identification:_identify(src) by extensions ['python_setup_py']
[0.467s] Level 1:colcon.colcon_core.package_identification:_identify(src) by extension 'python_setup_py'
[0.467s] Level 1:colcon.colcon_core.package_identification:_identify(src/moveit2) by extensions ['ignore', 'ignore_ament_install']
[0.467s] Level 1:colcon.colcon_core.package_identification:_identify(src/moveit2) by extension 'ignore'
[0.468s] Level 1:colcon.colcon_core.package_identification:_identify(src/moveit2) by extension 'ignore_ament_install'
[0.468s] Level 1:colcon.colcon_core.package_identification:_identify(src/moveit2) by extensions ['colcon_pkg']
[0.468s] Level 1:colcon.colcon_core.package_identification:_identify(src/moveit2) by extension 'colcon_pkg'
[0.468s] Level 1:colcon.colcon_core.package_identification:_identify(src/moveit2) by extensions ['colcon_meta']
[0.468s] Level 1:colcon.colcon_core.package_identification:_identify(src/moveit2) by extension 'colcon_meta'
[0.468s] Level 1:colcon.colcon_core.package_identification:_identify(src/moveit2) by extensions ['ros']
[0.468s] Level 1:colcon.colcon_core.package_identification:_identify(src/moveit2) by extension 'ros'
[0.468s] Level 1:colcon.colcon_core.package_identification:_identify(src/moveit2) by extensions ['cmake', 'python']
[0.468s] Level 1:colcon.colcon_core.package_identification:_identify(src/moveit2) by extension 'cmake'
[0.468s] Level 1:colcon.colcon_core.package_identification:_identify(src/moveit2) by extension 'python'
[0.468s] Level 1:colcon.colcon_core.package_identification:_identify(src/moveit2) by extensions ['python_setup_py']
[0.468s] Level 1:colcon.colcon_core.package_identification:_identify(src/moveit2) by extension 'python_setup_py'
[0.468s] Level 1:colcon.colcon_core.package_identification:_identify(src/moveit2/my_robot_description) by extensions ['ignore', 'ignore_ament_install']
[0.468s] Level 1:colcon.colcon_core.package_identification:_identify(src/moveit2/my_robot_description) by extension 'ignore'
[0.468s] Level 1:colcon.colcon_core.package_identification:_identify(src/moveit2/my_robot_description) by extension 'ignore_ament_install'
[0.468s] Level 1:colcon.colcon_core.package_identification:_identify(src/moveit2/my_robot_description) by extensions ['colcon_pkg']
[0.468s] Level 1:colcon.colcon_core.package_identification:_identify(src/moveit2/my_robot_description) by extension 'colcon_pkg'
[0.468s] Level 1:colcon.colcon_core.package_identification:_identify(src/moveit2/my_robot_description) by extensions ['colcon_meta']
[0.468s] Level 1:colcon.colcon_core.package_identification:_identify(src/moveit2/my_robot_description) by extension 'colcon_meta'
[0.468s] Level 1:colcon.colcon_core.package_identification:_identify(src/moveit2/my_robot_description) by extensions ['ros']
[0.468s] Level 1:colcon.colcon_core.package_identification:_identify(src/moveit2/my_robot_description) by extension 'ros'
[0.470s] DEBUG:colcon.colcon_core.package_identification:Package 'src/moveit2/my_robot_description' with type 'ros.ament_cmake' and name 'my_robot_description'
[0.470s] Level 1:colcon.colcon_core.package_discovery:discover_packages(recursive) using defaults
[0.470s] Level 1:colcon.colcon_core.package_discovery:discover_packages(ignore) discover
[0.470s] Level 1:colcon.colcon_core.package_discovery:discover_packages(ignore) using defaults
[0.470s] Level 1:colcon.colcon_core.package_discovery:discover_packages(path) discover
[0.470s] Level 1:colcon.colcon_core.package_discovery:discover_packages(path) using defaults
[0.523s] Level 1:colcon.colcon_core.package_discovery:discover_packages(prefix_path) check parameters
[0.523s] Level 1:colcon.colcon_core.package_discovery:discover_packages(prefix_path) discover
[0.534s] DEBUG:colcon.colcon_installed_package_information.package_discovery:Found 2 installed packages in /home/shivam/RoboticArm_ws/install
[0.535s] DEBUG:colcon.colcon_installed_package_information.package_discovery:Found 1 installed packages in /home/shivam/ros2_ws/install
[0.538s] DEBUG:colcon.colcon_installed_package_information.package_discovery:Found 452 installed packages in /opt/ros/humble
[0.540s] Level 1:colcon.colcon_core.package_discovery:discover_packages(prefix_path) using defaults
[0.634s] Level 5:colcon.colcon_core.verb:set package 'my_robot_description' build argument 'cmake_args' from command line to 'None'
[0.635s] Level 5:colcon.colcon_core.verb:set package 'my_robot_description' build argument 'cmake_target' from command line to 'None'
[0.635s] Level 5:colcon.colcon_core.verb:set package 'my_robot_description' build argument 'cmake_target_skip_unavailable' from command line to 'False'
[0.635s] Level 5:colcon.colcon_core.verb:set package 'my_robot_description' build argument 'cmake_clean_cache' from command line to 'False'
[0.635s] Level 5:colcon.colcon_core.verb:set package 'my_robot_description' build argument 'cmake_clean_first' from command line to 'False'
[0.635s] Level 5:colcon.colcon_core.verb:set package 'my_robot_description' build argument 'cmake_force_configure' from command line to 'False'
[0.635s] Level 5:colcon.colcon_core.verb:set package 'my_robot_description' build argument 'ament_cmake_args' from command line to 'None'
[0.635s] Level 5:colcon.colcon_core.verb:set package 'my_robot_description' build argument 'catkin_cmake_args' from command line to 'None'
[0.635s] Level 5:colcon.colcon_core.verb:set package 'my_robot_description' build argument 'catkin_skip_building_tests' from command line to 'False'
[0.635s] DEBUG:colcon.colcon_core.verb:Building package 'my_robot_description' with the following arguments: {'ament_cmake_args': None, 'build_base': '/home/shivam/RoboticArm_ws/build/my_robot_description', 'catkin_cmake_args': None, 'catkin_skip_building_tests': False, 'cmake_args': None, 'cmake_clean_cache': False, 'cmake_clean_first': False, 'cmake_force_configure': False, 'cmake_target': None, 'cmake_target_skip_unavailable': False, 'install_base': '/home/shivam/RoboticArm_ws/install/my_robot_description', 'merge_install': False, 'path': '/home/shivam/RoboticArm_ws/src/moveit2/my_robot_description', 'symlink_install': False, 'test_result_base': None}
[0.635s] Level 5:colcon.colcon_core.verb:set package 'my_robot_moveit_config' build argument 'cmake_args' from command line to 'None'
[0.635s] Level 5:colcon.colcon_core.verb:set package 'my_robot_moveit_config' build argument 'cmake_target' from command line to 'None'
[0.635s] Level 5:colcon.colcon_core.verb:set package 'my_robot_moveit_config' build argument 'cmake_target_skip_unavailable' from command line to 'False'
[0.635s] Level 5:colcon.colcon_core.verb:set package 'my_robot_moveit_config' build argument 'cmake_clean_cache' from command line to 'False'
[0.635s] Level 5:colcon.colcon_core.verb:set package 'my_robot_moveit_config' build argument 'cmake_clean_first' from command line to 'False'
[0.635s] Level 5:colcon.colcon_core.verb:set package 'my_robot_moveit_config' build argument 'cmake_force_configure' from command line to 'False'
[0.635s] Level 5:colcon.colcon_core.verb:set package 'my_robot_moveit_config' build argument 'ament_cmake_args' from command line to 'None'
[0.635s] Level 5:colcon.colcon_core.verb:set package 'my_robot_moveit_config' build argument 'catkin_cmake_args' from command line to 'None'
[0.635s] Level 5:colcon.colcon_core.verb:set package 'my_robot_moveit_config' build argument 'catkin_skip_building_tests' from command line to 'False'
[0.635s] DEBUG:colcon.colcon_core.verb:Building package 'my_robot_moveit_config' with the following arguments: {'ament_cmake_args': None, 'build_base': '/home/shivam/RoboticArm_ws/build/my_robot_moveit_config', 'catkin_cmake_args': None, 'catkin_skip_building_tests': False, 'cmake_args': None, 'cmake_clean_cache': False, 'cmake_clean_first': False, 'cmake_force_configure': False, 'cmake_target': None, 'cmake_target_skip_unavailable': False, 'install_base': '/home/shivam/RoboticArm_ws/install/my_robot_moveit_config', 'merge_install': False, 'path': '/home/shivam/RoboticArm_ws/my_robot_moveit_config', 'symlink_install': False, 'test_result_base': None}
[0.635s] INFO:colcon.colcon_core.executor:Executing jobs using 'parallel' executor
[0.638s] DEBUG:colcon.colcon_parallel_executor.executor.parallel:run_until_complete
[0.639s] INFO:colcon.colcon_ros.task.ament_cmake.build:Building ROS package in '/home/shivam/RoboticArm_ws/src/moveit2/my_robot_description' with build type 'ament_cmake'
[0.639s] INFO:colcon.colcon_cmake.task.cmake.build:Building CMake package in '/home/shivam/RoboticArm_ws/src/moveit2/my_robot_description'
[0.643s] INFO:colcon.colcon_core.plugin_system:Skipping extension 'colcon_core.shell.bat': Not used on non-Windows systems
[0.643s] INFO:colcon.colcon_core.shell:Skip shell extension 'powershell' for command environment: Not usable outside of PowerShell
[0.643s] DEBUG:colcon.colcon_core.shell:Skip shell extension 'dsv' for command environment
[0.678s] DEBUG:colcon.colcon_core.event_handler.log_command:Invoking command in '/home/shivam/RoboticArm_ws/build/my_robot_description': CMAKE_PREFIX_PATH=${CMAKE_PREFIX_PATH}:/home/shivam/ros2_ws/install/my_robot_controller:/opt/ros/humble /usr/bin/cmake --build /home/shivam/RoboticArm_ws/build/my_robot_description -- -j2 -l2
[0.831s] DEBUG:colcon.colcon_core.event_handler.log_command:Invoked command in '/home/shivam/RoboticArm_ws/build/my_robot_description' returned '0': CMAKE_PREFIX_PATH=${CMAKE_PREFIX_PATH}:/home/shivam/ros2_ws/install/my_robot_controller:/opt/ros/humble /usr/bin/cmake --build /home/shivam/RoboticArm_ws/build/my_robot_description -- -j2 -l2
[0.865s] DEBUG:colcon.colcon_core.event_handler.log_command:Invoking command in '/home/shivam/RoboticArm_ws/build/my_robot_description': CMAKE_PREFIX_PATH=${CMAKE_PREFIX_PATH}:/home/shivam/ros2_ws/install/my_robot_controller:/opt/ros/humble /usr/bin/cmake --install /home/shivam/RoboticArm_ws/build/my_robot_description
[0.891s] Level 1:colcon.colcon_core.environment:create_environment_scripts_only(my_robot_description)
[0.904s] DEBUG:colcon.colcon_core.event_handler.log_command:Invoked command in '/home/shivam/RoboticArm_ws/build/my_robot_description' returned '0': CMAKE_PREFIX_PATH=${CMAKE_PREFIX_PATH}:/home/shivam/ros2_ws/install/my_robot_controller:/opt/ros/humble /usr/bin/cmake --install /home/shivam/RoboticArm_ws/build/my_robot_description
[0.905s] Level 1:colcon.colcon_core.environment:checking '/home/shivam/RoboticArm_ws/install/my_robot_description' for CMake module files
[0.905s] Level 1:colcon.colcon_core.environment:checking '/home/shivam/RoboticArm_ws/install/my_robot_description' for CMake config files
[0.907s] Level 1:colcon.colcon_core.shell:create_environment_hook('my_robot_description', 'cmake_prefix_path')
[0.908s] INFO:colcon.colcon_core.shell:Creating environment hook '/home/shivam/RoboticArm_ws/install/my_robot_description/share/my_robot_description/hook/cmake_prefix_path.ps1'
[0.909s] INFO:colcon.colcon_core.shell:Creating environment descriptor '/home/shivam/RoboticArm_ws/install/my_robot_description/share/my_robot_description/hook/cmake_prefix_path.dsv'
[0.911s] INFO:colcon.colcon_core.shell:Creating environment hook '/home/shivam/RoboticArm_ws/install/my_robot_description/share/my_robot_description/hook/cmake_prefix_path.sh'
[0.913s] Level 1:colcon.colcon_core.environment:checking '/home/shivam/RoboticArm_ws/install/my_robot_description/bin'
[0.913s] Level 1:colcon.colcon_core.environment:checking '/home/shivam/RoboticArm_ws/install/my_robot_description/lib/pkgconfig/my_robot_description.pc'
[0.913s] Level 1:colcon.colcon_core.environment:checking '/home/shivam/RoboticArm_ws/install/my_robot_description/lib/python3.10/site-packages'
[0.914s] Level 1:colcon.colcon_core.environment:checking '/home/shivam/RoboticArm_ws/install/my_robot_description/bin'
[0.914s] INFO:colcon.colcon_core.shell:Creating package script '/home/shivam/RoboticArm_ws/install/my_robot_description/share/my_robot_description/package.ps1'
[0.926s] INFO:colcon.colcon_core.shell:Creating package descriptor '/home/shivam/RoboticArm_ws/install/my_robot_description/share/my_robot_description/package.dsv'
[0.928s] INFO:colcon.colcon_core.shell:Creating package script '/home/shivam/RoboticArm_ws/install/my_robot_description/share/my_robot_description/package.sh'
[0.932s] INFO:colcon.colcon_core.shell:Creating package script '/home/shivam/RoboticArm_ws/install/my_robot_description/share/my_robot_description/package.bash'
[0.935s] INFO:colcon.colcon_core.shell:Creating package script '/home/shivam/RoboticArm_ws/install/my_robot_description/share/my_robot_description/package.zsh'
[0.941s] Level 1:colcon.colcon_core.environment:create_file_with_runtime_dependencies(/home/shivam/RoboticArm_ws/install/my_robot_description/share/colcon-core/packages/my_robot_description)
[0.941s] Level 1:colcon.colcon_core.environment:create_environment_scripts_only(my_robot_description)
[0.941s] Level 1:colcon.colcon_core.environment:checking '/home/shivam/RoboticArm_ws/install/my_robot_description' for CMake module files
[0.942s] Level 1:colcon.colcon_core.environment:checking '/home/shivam/RoboticArm_ws/install/my_robot_description' for CMake config files
[0.942s] Level 1:colcon.colcon_core.shell:create_environment_hook('my_robot_description', 'cmake_prefix_path')
[0.943s] INFO:colcon.colcon_core.shell:Creating environment hook '/home/shivam/RoboticArm_ws/install/my_robot_description/share/my_robot_description/hook/cmake_prefix_path.ps1'
[0.945s] INFO:colcon.colcon_core.shell:Creating environment descriptor '/home/shivam/RoboticArm_ws/install/my_robot_description/share/my_robot_description/hook/cmake_prefix_path.dsv'
[0.946s] INFO:colcon.colcon_core.shell:Creating environment hook '/home/shivam/RoboticArm_ws/install/my_robot_description/share/my_robot_description/hook/cmake_prefix_path.sh'
[0.948s] Level 1:colcon.colcon_core.environment:checking '/home/shivam/RoboticArm_ws/install/my_robot_description/bin'
[0.948s] Level 1:colcon.colcon_core.environment:checking '/home/shivam/RoboticArm_ws/install/my_robot_description/lib/pkgconfig/my_robot_description.pc'
[0.949s] Level 1:colcon.colcon_core.environment:checking '/home/shivam/RoboticArm_ws/install/my_robot_description/lib/python3.10/site-packages'
[0.950s] Level 1:colcon.colcon_core.environment:checking '/home/shivam/RoboticArm_ws/install/my_robot_description/bin'
[0.952s] INFO:colcon.colcon_core.shell:Creating package script '/home/shivam/RoboticArm_ws/install/my_robot_description/share/my_robot_description/package.ps1'
[0.954s] INFO:colcon.colcon_core.shell:Creating package descriptor '/home/shivam/RoboticArm_ws/install/my_robot_description/share/my_robot_description/package.dsv'
[0.965s] INFO:colcon.colcon_core.shell:Creating package script '/home/shivam/RoboticArm_ws/install/my_robot_description/share/my_robot_description/package.sh'
[0.967s] INFO:colcon.colcon_core.shell:Creating package script '/home/shivam/RoboticArm_ws/install/my_robot_description/share/my_robot_description/package.bash'
[0.972s] INFO:colcon.colcon_core.shell:Creating package script '/home/shivam/RoboticArm_ws/install/my_robot_description/share/my_robot_description/package.zsh'
[0.983s] Level 1:colcon.colcon_core.environment:create_file_with_runtime_dependencies(/home/shivam/RoboticArm_ws/install/my_robot_description/share/colcon-core/packages/my_robot_description)
[0.983s] INFO:colcon.colcon_ros.task.ament_cmake.build:Building ROS package in '/home/shivam/RoboticArm_ws/my_robot_moveit_config' with build type 'ament_cmake'
[0.983s] INFO:colcon.colcon_cmake.task.cmake.build:Building CMake package in '/home/shivam/RoboticArm_ws/my_robot_moveit_config'
[0.984s] INFO:colcon.colcon_core.shell:Skip shell extension 'powershell' for command environment: Not usable outside of PowerShell
[0.984s] DEBUG:colcon.colcon_core.shell:Skip shell extension 'dsv' for command environment
[1.039s] DEBUG:colcon.colcon_core.event_handler.log_command:Invoking command in '/home/shivam/RoboticArm_ws/build/my_robot_moveit_config': CMAKE_PREFIX_PATH=/home/shivam/RoboticArm_ws/install/my_robot_description:/home/shivam/RoboticArm_ws/install/my_robot_moveit_config:/home/shivam/ros2_ws/install/my_robot_controller:/opt/ros/humble /usr/bin/cmake --build /home/shivam/RoboticArm_ws/build/my_robot_moveit_config -- -j2 -l2
[1.139s] DEBUG:colcon.colcon_core.event_handler.log_command:Invoked command in '/home/shivam/RoboticArm_ws/build/my_robot_moveit_config' returned '0': CMAKE_PREFIX_PATH=/home/shivam/RoboticArm_ws/install/my_robot_description:/home/shivam/RoboticArm_ws/install/my_robot_moveit_config:/home/shivam/ros2_ws/install/my_robot_controller:/opt/ros/humble /usr/bin/cmake --build /home/shivam/RoboticArm_ws/build/my_robot_moveit_config -- -j2 -l2
[1.140s] DEBUG:colcon.colcon_core.event_handler.log_command:Invoking command in '/home/shivam/RoboticArm_ws/build/my_robot_moveit_config': CMAKE_PREFIX_PATH=/home/shivam/RoboticArm_ws/install/my_robot_description:/home/shivam/RoboticArm_ws/install/my_robot_moveit_config:/home/shivam/ros2_ws/install/my_robot_controller:/opt/ros/humble /usr/bin/cmake --install /home/shivam/RoboticArm_ws/build/my_robot_moveit_config
[1.184s] Level 1:colcon.colcon_core.environment:create_environment_scripts_only(my_robot_moveit_config)
[1.184s] DEBUG:colcon.colcon_core.event_handler.log_command:Invoked command in '/home/shivam/RoboticArm_ws/build/my_robot_moveit_config' returned '0': CMAKE_PREFIX_PATH=/home/shivam/RoboticArm_ws/install/my_robot_description:/home/shivam/RoboticArm_ws/install/my_robot_moveit_config:/home/shivam/ros2_ws/install/my_robot_controller:/opt/ros/humble /usr/bin/cmake --install /home/shivam/RoboticArm_ws/build/my_robot_moveit_config
[1.185s] Level 1:colcon.colcon_core.environment:checking '/home/shivam/RoboticArm_ws/install/my_robot_moveit_config' for CMake module files
[1.185s] Level 1:colcon.colcon_core.environment:checking '/home/shivam/RoboticArm_ws/install/my_robot_moveit_config' for CMake config files
[1.187s] Level 1:colcon.colcon_core.shell:create_environment_hook('my_robot_moveit_config', 'cmake_prefix_path')
[1.187s] INFO:colcon.colcon_core.shell:Creating environment hook '/home/shivam/RoboticArm_ws/install/my_robot_moveit_config/share/my_robot_moveit_config/hook/cmake_prefix_path.ps1'
[1.189s] INFO:colcon.colcon_core.shell:Creating environment descriptor '/home/shivam/RoboticArm_ws/install/my_robot_moveit_config/share/my_robot_moveit_config/hook/cmake_prefix_path.dsv'
[1.190s] INFO:colcon.colcon_core.shell:Creating environment hook '/home/shivam/RoboticArm_ws/install/my_robot_moveit_config/share/my_robot_moveit_config/hook/cmake_prefix_path.sh'
[1.192s] Level 1:colcon.colcon_core.environment:checking '/home/shivam/RoboticArm_ws/install/my_robot_moveit_config/bin'
[1.192s] Level 1:colcon.colcon_core.environment:checking '/home/shivam/RoboticArm_ws/install/my_robot_moveit_config/lib/pkgconfig/my_robot_moveit_config.pc'
[1.192s] Level 1:colcon.colcon_core.environment:checking '/home/shivam/RoboticArm_ws/install/my_robot_moveit_config/lib/python3.10/site-packages'
[1.193s] Level 1:colcon.colcon_core.environment:checking '/home/shivam/RoboticArm_ws/install/my_robot_moveit_config/bin'
[1.194s] INFO:colcon.colcon_core.shell:Creating package script '/home/shivam/RoboticArm_ws/install/my_robot_moveit_config/share/my_robot_moveit_config/package.ps1'
[1.195s] INFO:colcon.colcon_core.shell:Creating package descriptor '/home/shivam/RoboticArm_ws/install/my_robot_moveit_config/share/my_robot_moveit_config/package.dsv'
[1.199s] INFO:colcon.colcon_core.shell:Creating package script '/home/shivam/RoboticArm_ws/install/my_robot_moveit_config/share/my_robot_moveit_config/package.sh'
[1.201s] INFO:colcon.colcon_core.shell:Creating package script '/home/shivam/RoboticArm_ws/install/my_robot_moveit_config/share/my_robot_moveit_config/package.bash'
[1.201s] INFO:colcon.colcon_core.shell:Creating package script '/home/shivam/RoboticArm_ws/install/my_robot_moveit_config/share/my_robot_moveit_config/package.zsh'
[1.203s] Level 1:colcon.colcon_core.environment:create_file_with_runtime_dependencies(/home/shivam/RoboticArm_ws/install/my_robot_moveit_config/share/colcon-core/packages/my_robot_moveit_config)
[1.211s] Level 1:colcon.colcon_core.environment:create_environment_scripts_only(my_robot_moveit_config)
[1.211s] Level 1:colcon.colcon_core.environment:checking '/home/shivam/RoboticArm_ws/install/my_robot_moveit_config' for CMake module files
[1.212s] Level 1:colcon.colcon_core.environment:checking '/home/shivam/RoboticArm_ws/install/my_robot_moveit_config' for CMake config files
[1.212s] Level 1:colcon.colcon_core.shell:create_environment_hook('my_robot_moveit_config', 'cmake_prefix_path')
[1.212s] INFO:colcon.colcon_core.shell:Creating environment hook '/home/shivam/RoboticArm_ws/install/my_robot_moveit_config/share/my_robot_moveit_config/hook/cmake_prefix_path.ps1'
[1.213s] INFO:colcon.colcon_core.shell:Creating environment descriptor '/home/shivam/RoboticArm_ws/install/my_robot_moveit_config/share/my_robot_moveit_config/hook/cmake_prefix_path.dsv'
[1.213s] INFO:colcon.colcon_core.shell:Creating environment hook '/home/shivam/RoboticArm_ws/install/my_robot_moveit_config/share/my_robot_moveit_config/hook/cmake_prefix_path.sh'
[1.214s] Level 1:colcon.colcon_core.environment:checking '/home/shivam/RoboticArm_ws/install/my_robot_moveit_config/bin'
[1.214s] Level 1:colcon.colcon_core.environment:checking '/home/shivam/RoboticArm_ws/install/my_robot_moveit_config/lib/pkgconfig/my_robot_moveit_config.pc'
[1.215s] Level 1:colcon.colcon_core.environment:checking '/home/shivam/RoboticArm_ws/install/my_robot_moveit_config/lib/python3.10/site-packages'
[1.215s] Level 1:colcon.colcon_core.environment:checking '/home/shivam/RoboticArm_ws/install/my_robot_moveit_config/bin'
[1.215s] INFO:colcon.colcon_core.shell:Creating package script '/home/shivam/RoboticArm_ws/install/my_robot_moveit_config/share/my_robot_moveit_config/package.ps1'
[1.216s] INFO:colcon.colcon_core.shell:Creating package descriptor '/home/shivam/RoboticArm_ws/install/my_robot_moveit_config/share/my_robot_moveit_config/package.dsv'
[1.216s] INFO:colcon.colcon_core.shell:Creating package script '/home/shivam/RoboticArm_ws/install/my_robot_moveit_config/share/my_robot_moveit_config/package.sh'
[1.217s] INFO:colcon.colcon_core.shell:Creating package script '/home/shivam/RoboticArm_ws/install/my_robot_moveit_config/share/my_robot_moveit_config/package.bash'
[1.218s] INFO:colcon.colcon_core.shell:Creating package script '/home/shivam/RoboticArm_ws/install/my_robot_moveit_config/share/my_robot_moveit_config/package.zsh'
[1.219s] Level 1:colcon.colcon_core.environment:create_file_with_runtime_dependencies(/home/shivam/RoboticArm_ws/install/my_robot_moveit_config/share/colcon-core/packages/my_robot_moveit_config)
[1.221s] DEBUG:colcon.colcon_parallel_executor.executor.parallel:closing loop
[1.223s] DEBUG:colcon.colcon_parallel_executor.executor.parallel:loop closed
[1.223s] DEBUG:colcon.colcon_parallel_executor.executor.parallel:run_until_complete finished with '0'
[1.225s] DEBUG:colcon.colcon_core.event_reactor:joining thread
[1.258s] INFO:colcon.colcon_core.plugin_system:Skipping extension 'colcon_notification.desktop_notification.terminal_notifier': Not used on non-Darwin systems
[1.258s] INFO:colcon.colcon_core.plugin_system:Skipping extension 'colcon_notification.desktop_notification.win32': Not used on non-Windows systems
[1.258s] INFO:colcon.colcon_notification.desktop_notification:Sending desktop notification using 'notify2'
[1.367s] DEBUG:colcon.colcon_core.event_reactor:joined thread
[1.367s] INFO:colcon.colcon_core.shell:Creating prefix script '/home/shivam/RoboticArm_ws/install/local_setup.ps1'
[1.373s] INFO:colcon.colcon_core.shell:Creating prefix util module '/home/shivam/RoboticArm_ws/install/_local_setup_util_ps1.py'
[1.378s] INFO:colcon.colcon_core.shell:Creating prefix chain script '/home/shivam/RoboticArm_ws/install/setup.ps1'
[1.382s] INFO:colcon.colcon_core.shell:Creating prefix script '/home/shivam/RoboticArm_ws/install/local_setup.sh'
[1.384s] INFO:colcon.colcon_core.shell:Creating prefix util module '/home/shivam/RoboticArm_ws/install/_local_setup_util_sh.py'
[1.396s] INFO:colcon.colcon_core.shell:Creating prefix chain script '/home/shivam/RoboticArm_ws/install/setup.sh'
[1.399s] INFO:colcon.colcon_core.shell:Creating prefix script '/home/shivam/RoboticArm_ws/install/local_setup.bash'
[1.400s] INFO:colcon.colcon_core.shell:Creating prefix chain script '/home/shivam/RoboticArm_ws/install/setup.bash'
[1.402s] INFO:colcon.colcon_core.shell:Creating prefix script '/home/shivam/RoboticArm_ws/install/local_setup.zsh'
[1.403s] INFO:colcon.colcon_core.shell:Creating prefix chain script '/home/shivam/RoboticArm_ws/install/setup.zsh'
