[0.102s] DEBUG:colcon:Command line arguments: ['/usr/bin/colcon', 'build']
[0.102s] DEBUG:colcon:Parsed command line arguments: Namespace(log_base=None, log_level=None, verb_name='build', build_base='build', install_base='install', merge_install=False, symlink_install=False, test_result_base=None, continue_on_error=False, executor='parallel', parallel_workers=2, event_handlers=None, ignore_user_meta=False, metas=['./colcon.meta'], base_paths=['.'], packages_ignore=None, packages_ignore_regex=None, paths=None, packages_up_to=None, packages_up_to_regex=None, packages_above=None, packages_above_and_dependencies=None, packages_above_depth=None, packages_select_by_dep=None, packages_skip_by_dep=None, packages_skip_up_to=None, packages_select_build_failed=False, packages_skip_build_finished=False, packages_select_test_failures=False, packages_skip_test_passed=False, packages_select=None, packages_skip=None, packages_select_regex=None, packages_skip_regex=None, packages_start=None, packages_end=None, allow_overriding=[], cmake_args=None, cmake_target=None, cmake_target_skip_unavailable=False, cmake_clean_cache=False, cmake_clean_first=False, cmake_force_configure=False, ament_cmake_args=None, catkin_cmake_args=None, catkin_skip_building_tests=False, mixin_files=None, mixin=None, verb_parser=<colcon_mixin.mixin.mixin_argument.MixinArgumentDecorator object at 0x7123f1c767d0>, verb_extension=<colcon_core.verb.build.BuildVerb object at 0x7123f1d737f0>, main=<bound method BuildVerb.main of <colcon_core.verb.build.BuildVerb object at 0x7123f1d737f0>>, mixin_verb=('build',))
[0.241s] Level 1:colcon.colcon_core.package_discovery:discover_packages(colcon_meta) check parameters
[0.241s] Level 1:colcon.colcon_core.package_discovery:discover_packages(recursive) check parameters
[0.241s] Level 1:colcon.colcon_core.package_discovery:discover_packages(ignore) check parameters
[0.241s] Level 1:colcon.colcon_core.package_discovery:discover_packages(path) check parameters
[0.241s] Level 1:colcon.colcon_core.package_discovery:discover_packages(colcon_meta) discover
[0.241s] Level 1:colcon.colcon_core.package_discovery:discover_packages(recursive) discover
[0.241s] INFO:colcon.colcon_core.package_discovery:Crawling recursively for packages in '/home/shivam/RoboticArm_ws'
[0.241s] Level 1:colcon.colcon_core.package_identification:_identify(.) by extensions ['ignore', 'ignore_ament_install']
[0.241s] Level 1:colcon.colcon_core.package_identification:_identify(.) by extension 'ignore'
[0.241s] Level 1:colcon.colcon_core.package_identification:_identify(.) by extension 'ignore_ament_install'
[0.241s] Level 1:colcon.colcon_core.package_identification:_identify(.) by extensions ['colcon_pkg']
[0.241s] Level 1:colcon.colcon_core.package_identification:_identify(.) by extension 'colcon_pkg'
[0.241s] Level 1:colcon.colcon_core.package_identification:_identify(.) by extensions ['colcon_meta']
[0.241s] Level 1:colcon.colcon_core.package_identification:_identify(.) by extension 'colcon_meta'
[0.241s] Level 1:colcon.colcon_core.package_identification:_identify(.) by extensions ['ros']
[0.241s] Level 1:colcon.colcon_core.package_identification:_identify(.) by extension 'ros'
[0.250s] Level 1:colcon.colcon_core.package_identification:_identify(.) by extensions ['cmake', 'python']
[0.250s] Level 1:colcon.colcon_core.package_identification:_identify(.) by extension 'cmake'
[0.250s] Level 1:colcon.colcon_core.package_identification:_identify(.) by extension 'python'
[0.250s] Level 1:colcon.colcon_core.package_identification:_identify(.) by extensions ['python_setup_py']
[0.250s] Level 1:colcon.colcon_core.package_identification:_identify(.) by extension 'python_setup_py'
[0.251s] Level 1:colcon.colcon_core.package_identification:_identify(build) by extensions ['ignore', 'ignore_ament_install']
[0.251s] Level 1:colcon.colcon_core.package_identification:_identify(build) by extension 'ignore'
[0.251s] Level 1:colcon.colcon_core.package_identification:_identify(build) ignored
[0.251s] Level 1:colcon.colcon_core.package_identification:_identify(install) by extensions ['ignore', 'ignore_ament_install']
[0.251s] Level 1:colcon.colcon_core.package_identification:_identify(install) by extension 'ignore'
[0.251s] Level 1:colcon.colcon_core.package_identification:_identify(install) ignored
[0.251s] Level 1:colcon.colcon_core.package_identification:_identify(log) by extensions ['ignore', 'ignore_ament_install']
[0.251s] Level 1:colcon.colcon_core.package_identification:_identify(log) by extension 'ignore'
[0.251s] Level 1:colcon.colcon_core.package_identification:_identify(log) ignored
[0.251s] Level 1:colcon.colcon_core.package_identification:_identify(my_robot_moveit_config) by extensions ['ignore', 'ignore_ament_install']
[0.251s] Level 1:colcon.colcon_core.package_identification:_identify(my_robot_moveit_config) by extension 'ignore'
[0.251s] Level 1:colcon.colcon_core.package_identification:_identify(my_robot_moveit_config) by extension 'ignore_ament_install'
[0.251s] Level 1:colcon.colcon_core.package_identification:_identify(my_robot_moveit_config) by extensions ['colcon_pkg']
[0.251s] Level 1:colcon.colcon_core.package_identification:_identify(my_robot_moveit_config) by extension 'colcon_pkg'
[0.251s] Level 1:colcon.colcon_core.package_identification:_identify(my_robot_moveit_config) by extensions ['colcon_meta']
[0.251s] Level 1:colcon.colcon_core.package_identification:_identify(my_robot_moveit_config) by extension 'colcon_meta'
[0.251s] Level 1:colcon.colcon_core.package_identification:_identify(my_robot_moveit_config) by extensions ['ros']
[0.251s] Level 1:colcon.colcon_core.package_identification:_identify(my_robot_moveit_config) by extension 'ros'
[0.255s] DEBUG:colcon.colcon_core.package_identification:Package 'my_robot_moveit_config' with type 'ros.ament_cmake' and name 'my_robot_moveit_config'
[0.255s] Level 1:colcon.colcon_core.package_identification:_identify(src) by extensions ['ignore', 'ignore_ament_install']
[0.255s] Level 1:colcon.colcon_core.package_identification:_identify(src) by extension 'ignore'
[0.255s] Level 1:colcon.colcon_core.package_identification:_identify(src) by extension 'ignore_ament_install'
[0.255s] Level 1:colcon.colcon_core.package_identification:_identify(src) by extensions ['colcon_pkg']
[0.255s] Level 1:colcon.colcon_core.package_identification:_identify(src) by extension 'colcon_pkg'
[0.255s] Level 1:colcon.colcon_core.package_identification:_identify(src) by extensions ['colcon_meta']
[0.255s] Level 1:colcon.colcon_core.package_identification:_identify(src) by extension 'colcon_meta'
[0.255s] Level 1:colcon.colcon_core.package_identification:_identify(src) by extensions ['ros']
[0.255s] Level 1:colcon.colcon_core.package_identification:_identify(src) by extension 'ros'
[0.255s] Level 1:colcon.colcon_core.package_identification:_identify(src) by extensions ['cmake', 'python']
[0.255s] Level 1:colcon.colcon_core.package_identification:_identify(src) by extension 'cmake'
[0.255s] Level 1:colcon.colcon_core.package_identification:_identify(src) by extension 'python'
[0.255s] Level 1:colcon.colcon_core.package_identification:_identify(src) by extensions ['python_setup_py']
[0.255s] Level 1:colcon.colcon_core.package_identification:_identify(src) by extension 'python_setup_py'
[0.255s] Level 1:colcon.colcon_core.package_identification:_identify(src/moveit2) by extensions ['ignore', 'ignore_ament_install']
[0.255s] Level 1:colcon.colcon_core.package_identification:_identify(src/moveit2) by extension 'ignore'
[0.256s] Level 1:colcon.colcon_core.package_identification:_identify(src/moveit2) by extension 'ignore_ament_install'
[0.256s] Level 1:colcon.colcon_core.package_identification:_identify(src/moveit2) by extensions ['colcon_pkg']
[0.256s] Level 1:colcon.colcon_core.package_identification:_identify(src/moveit2) by extension 'colcon_pkg'
[0.256s] Level 1:colcon.colcon_core.package_identification:_identify(src/moveit2) by extensions ['colcon_meta']
[0.256s] Level 1:colcon.colcon_core.package_identification:_identify(src/moveit2) by extension 'colcon_meta'
[0.256s] Level 1:colcon.colcon_core.package_identification:_identify(src/moveit2) by extensions ['ros']
[0.256s] Level 1:colcon.colcon_core.package_identification:_identify(src/moveit2) by extension 'ros'
[0.256s] Level 1:colcon.colcon_core.package_identification:_identify(src/moveit2) by extensions ['cmake', 'python']
[0.256s] Level 1:colcon.colcon_core.package_identification:_identify(src/moveit2) by extension 'cmake'
[0.256s] Level 1:colcon.colcon_core.package_identification:_identify(src/moveit2) by extension 'python'
[0.256s] Level 1:colcon.colcon_core.package_identification:_identify(src/moveit2) by extensions ['python_setup_py']
[0.256s] Level 1:colcon.colcon_core.package_identification:_identify(src/moveit2) by extension 'python_setup_py'
[0.256s] Level 1:colcon.colcon_core.package_identification:_identify(src/moveit2/my_robot_description) by extensions ['ignore', 'ignore_ament_install']
[0.256s] Level 1:colcon.colcon_core.package_identification:_identify(src/moveit2/my_robot_description) by extension 'ignore'
[0.256s] Level 1:colcon.colcon_core.package_identification:_identify(src/moveit2/my_robot_description) by extension 'ignore_ament_install'
[0.256s] Level 1:colcon.colcon_core.package_identification:_identify(src/moveit2/my_robot_description) by extensions ['colcon_pkg']
[0.256s] Level 1:colcon.colcon_core.package_identification:_identify(src/moveit2/my_robot_description) by extension 'colcon_pkg'
[0.256s] Level 1:colcon.colcon_core.package_identification:_identify(src/moveit2/my_robot_description) by extensions ['colcon_meta']
[0.256s] Level 1:colcon.colcon_core.package_identification:_identify(src/moveit2/my_robot_description) by extension 'colcon_meta'
[0.256s] Level 1:colcon.colcon_core.package_identification:_identify(src/moveit2/my_robot_description) by extensions ['ros']
[0.256s] Level 1:colcon.colcon_core.package_identification:_identify(src/moveit2/my_robot_description) by extension 'ros'
[0.257s] DEBUG:colcon.colcon_core.package_identification:Package 'src/moveit2/my_robot_description' with type 'ros.ament_cmake' and name 'my_robot_description'
[0.257s] Level 1:colcon.colcon_core.package_discovery:discover_packages(recursive) using defaults
[0.257s] Level 1:colcon.colcon_core.package_discovery:discover_packages(ignore) discover
[0.257s] Level 1:colcon.colcon_core.package_discovery:discover_packages(ignore) using defaults
[0.257s] Level 1:colcon.colcon_core.package_discovery:discover_packages(path) discover
[0.257s] Level 1:colcon.colcon_core.package_discovery:discover_packages(path) using defaults
[0.289s] Level 1:colcon.colcon_core.package_discovery:discover_packages(prefix_path) check parameters
[0.289s] Level 1:colcon.colcon_core.package_discovery:discover_packages(prefix_path) discover
[0.290s] DEBUG:colcon.colcon_installed_package_information.package_discovery:Found 2 installed packages in /home/shivam/RoboticArm_ws/install
[0.290s] DEBUG:colcon.colcon_installed_package_information.package_discovery:Found 1 installed packages in /home/shivam/ros2_ws/install
[0.292s] DEBUG:colcon.colcon_installed_package_information.package_discovery:Found 452 installed packages in /opt/ros/humble
[0.294s] Level 1:colcon.colcon_core.package_discovery:discover_packages(prefix_path) using defaults
[0.339s] Level 5:colcon.colcon_core.verb:set package 'my_robot_description' build argument 'cmake_args' from command line to 'None'
[0.339s] Level 5:colcon.colcon_core.verb:set package 'my_robot_description' build argument 'cmake_target' from command line to 'None'
[0.339s] Level 5:colcon.colcon_core.verb:set package 'my_robot_description' build argument 'cmake_target_skip_unavailable' from command line to 'False'
[0.339s] Level 5:colcon.colcon_core.verb:set package 'my_robot_description' build argument 'cmake_clean_cache' from command line to 'False'
[0.339s] Level 5:colcon.colcon_core.verb:set package 'my_robot_description' build argument 'cmake_clean_first' from command line to 'False'
[0.340s] Level 5:colcon.colcon_core.verb:set package 'my_robot_description' build argument 'cmake_force_configure' from command line to 'False'
[0.340s] Level 5:colcon.colcon_core.verb:set package 'my_robot_description' build argument 'ament_cmake_args' from command line to 'None'
[0.340s] Level 5:colcon.colcon_core.verb:set package 'my_robot_description' build argument 'catkin_cmake_args' from command line to 'None'
[0.340s] Level 5:colcon.colcon_core.verb:set package 'my_robot_description' build argument 'catkin_skip_building_tests' from command line to 'False'
[0.340s] DEBUG:colcon.colcon_core.verb:Building package 'my_robot_description' with the following arguments: {'ament_cmake_args': None, 'build_base': '/home/shivam/RoboticArm_ws/build/my_robot_description', 'catkin_cmake_args': None, 'catkin_skip_building_tests': False, 'cmake_args': None, 'cmake_clean_cache': False, 'cmake_clean_first': False, 'cmake_force_configure': False, 'cmake_target': None, 'cmake_target_skip_unavailable': False, 'install_base': '/home/shivam/RoboticArm_ws/install/my_robot_description', 'merge_install': False, 'path': '/home/shivam/RoboticArm_ws/src/moveit2/my_robot_description', 'symlink_install': False, 'test_result_base': None}
[0.340s] Level 5:colcon.colcon_core.verb:set package 'my_robot_moveit_config' build argument 'cmake_args' from command line to 'None'
[0.340s] Level 5:colcon.colcon_core.verb:set package 'my_robot_moveit_config' build argument 'cmake_target' from command line to 'None'
[0.340s] Level 5:colcon.colcon_core.verb:set package 'my_robot_moveit_config' build argument 'cmake_target_skip_unavailable' from command line to 'False'
[0.340s] Level 5:colcon.colcon_core.verb:set package 'my_robot_moveit_config' build argument 'cmake_clean_cache' from command line to 'False'
[0.340s] Level 5:colcon.colcon_core.verb:set package 'my_robot_moveit_config' build argument 'cmake_clean_first' from command line to 'False'
[0.340s] Level 5:colcon.colcon_core.verb:set package 'my_robot_moveit_config' build argument 'cmake_force_configure' from command line to 'False'
[0.340s] Level 5:colcon.colcon_core.verb:set package 'my_robot_moveit_config' build argument 'ament_cmake_args' from command line to 'None'
[0.340s] Level 5:colcon.colcon_core.verb:set package 'my_robot_moveit_config' build argument 'catkin_cmake_args' from command line to 'None'
[0.340s] Level 5:colcon.colcon_core.verb:set package 'my_robot_moveit_config' build argument 'catkin_skip_building_tests' from command line to 'False'
[0.340s] DEBUG:colcon.colcon_core.verb:Building package 'my_robot_moveit_config' with the following arguments: {'ament_cmake_args': None, 'build_base': '/home/shivam/RoboticArm_ws/build/my_robot_moveit_config', 'catkin_cmake_args': None, 'catkin_skip_building_tests': False, 'cmake_args': None, 'cmake_clean_cache': False, 'cmake_clean_first': False, 'cmake_force_configure': False, 'cmake_target': None, 'cmake_target_skip_unavailable': False, 'install_base': '/home/shivam/RoboticArm_ws/install/my_robot_moveit_config', 'merge_install': False, 'path': '/home/shivam/RoboticArm_ws/my_robot_moveit_config', 'symlink_install': False, 'test_result_base': None}
[0.340s] INFO:colcon.colcon_core.executor:Executing jobs using 'parallel' executor
[0.342s] DEBUG:colcon.colcon_parallel_executor.executor.parallel:run_until_complete
[0.342s] INFO:colcon.colcon_ros.task.ament_cmake.build:Building ROS package in '/home/shivam/RoboticArm_ws/src/moveit2/my_robot_description' with build type 'ament_cmake'
[0.342s] INFO:colcon.colcon_cmake.task.cmake.build:Building CMake package in '/home/shivam/RoboticArm_ws/src/moveit2/my_robot_description'
[0.345s] INFO:colcon.colcon_core.plugin_system:Skipping extension 'colcon_core.shell.bat': Not used on non-Windows systems
[0.345s] INFO:colcon.colcon_core.shell:Skip shell extension 'powershell' for command environment: Not usable outside of PowerShell
[0.345s] DEBUG:colcon.colcon_core.shell:Skip shell extension 'dsv' for command environment
[0.359s] DEBUG:colcon.colcon_core.event_handler.log_command:Invoking command in '/home/shivam/RoboticArm_ws/build/my_robot_description': CMAKE_PREFIX_PATH=${CMAKE_PREFIX_PATH}:/home/shivam/ros2_ws/install/my_robot_controller:/opt/ros/humble /usr/bin/cmake --build /home/shivam/RoboticArm_ws/build/my_robot_description -- -j2 -l2
[0.424s] DEBUG:colcon.colcon_core.event_handler.log_command:Invoked command in '/home/shivam/RoboticArm_ws/build/my_robot_description' returned '0': CMAKE_PREFIX_PATH=${CMAKE_PREFIX_PATH}:/home/shivam/ros2_ws/install/my_robot_controller:/opt/ros/humble /usr/bin/cmake --build /home/shivam/RoboticArm_ws/build/my_robot_description -- -j2 -l2
[0.449s] DEBUG:colcon.colcon_core.event_handler.log_command:Invoking command in '/home/shivam/RoboticArm_ws/build/my_robot_description': CMAKE_PREFIX_PATH=${CMAKE_PREFIX_PATH}:/home/shivam/ros2_ws/install/my_robot_controller:/opt/ros/humble /usr/bin/cmake --install /home/shivam/RoboticArm_ws/build/my_robot_description
[0.465s] Level 1:colcon.colcon_core.environment:create_environment_scripts_only(my_robot_description)
[0.467s] Level 1:colcon.colcon_core.environment:checking '/home/shivam/RoboticArm_ws/install/my_robot_description' for CMake module files
[0.467s] DEBUG:colcon.colcon_core.event_handler.log_command:Invoked command in '/home/shivam/RoboticArm_ws/build/my_robot_description' returned '0': CMAKE_PREFIX_PATH=${CMAKE_PREFIX_PATH}:/home/shivam/ros2_ws/install/my_robot_controller:/opt/ros/humble /usr/bin/cmake --install /home/shivam/RoboticArm_ws/build/my_robot_description
[0.471s] Level 1:colcon.colcon_core.environment:checking '/home/shivam/RoboticArm_ws/install/my_robot_description' for CMake config files
[0.471s] Level 1:colcon.colcon_core.shell:create_environment_hook('my_robot_description', 'cmake_prefix_path')
[0.472s] INFO:colcon.colcon_core.shell:Creating environment hook '/home/shivam/RoboticArm_ws/install/my_robot_description/share/my_robot_description/hook/cmake_prefix_path.ps1'
[0.473s] INFO:colcon.colcon_core.shell:Creating environment descriptor '/home/shivam/RoboticArm_ws/install/my_robot_description/share/my_robot_description/hook/cmake_prefix_path.dsv'
[0.478s] INFO:colcon.colcon_core.shell:Creating environment hook '/home/shivam/RoboticArm_ws/install/my_robot_description/share/my_robot_description/hook/cmake_prefix_path.sh'
[0.480s] Level 1:colcon.colcon_core.environment:checking '/home/shivam/RoboticArm_ws/install/my_robot_description/bin'
[0.480s] Level 1:colcon.colcon_core.environment:checking '/home/shivam/RoboticArm_ws/install/my_robot_description/lib/pkgconfig/my_robot_description.pc'
[0.480s] Level 1:colcon.colcon_core.environment:checking '/home/shivam/RoboticArm_ws/install/my_robot_description/lib/python3.10/site-packages'
[0.480s] Level 1:colcon.colcon_core.environment:checking '/home/shivam/RoboticArm_ws/install/my_robot_description/bin'
[0.481s] INFO:colcon.colcon_core.shell:Creating package script '/home/shivam/RoboticArm_ws/install/my_robot_description/share/my_robot_description/package.ps1'
[0.482s] INFO:colcon.colcon_core.shell:Creating package descriptor '/home/shivam/RoboticArm_ws/install/my_robot_description/share/my_robot_description/package.dsv'
[0.484s] INFO:colcon.colcon_core.shell:Creating package script '/home/shivam/RoboticArm_ws/install/my_robot_description/share/my_robot_description/package.sh'
[0.485s] INFO:colcon.colcon_core.shell:Creating package script '/home/shivam/RoboticArm_ws/install/my_robot_description/share/my_robot_description/package.bash'
[0.486s] INFO:colcon.colcon_core.shell:Creating package script '/home/shivam/RoboticArm_ws/install/my_robot_description/share/my_robot_description/package.zsh'
[0.486s] Level 1:colcon.colcon_core.environment:create_file_with_runtime_dependencies(/home/shivam/RoboticArm_ws/install/my_robot_description/share/colcon-core/packages/my_robot_description)
[0.487s] Level 1:colcon.colcon_core.environment:create_environment_scripts_only(my_robot_description)
[0.487s] Level 1:colcon.colcon_core.environment:checking '/home/shivam/RoboticArm_ws/install/my_robot_description' for CMake module files
[0.487s] Level 1:colcon.colcon_core.environment:checking '/home/shivam/RoboticArm_ws/install/my_robot_description' for CMake config files
[0.487s] Level 1:colcon.colcon_core.shell:create_environment_hook('my_robot_description', 'cmake_prefix_path')
[0.488s] INFO:colcon.colcon_core.shell:Creating environment hook '/home/shivam/RoboticArm_ws/install/my_robot_description/share/my_robot_description/hook/cmake_prefix_path.ps1'
[0.488s] INFO:colcon.colcon_core.shell:Creating environment descriptor '/home/shivam/RoboticArm_ws/install/my_robot_description/share/my_robot_description/hook/cmake_prefix_path.dsv'
[0.489s] INFO:colcon.colcon_core.shell:Creating environment hook '/home/shivam/RoboticArm_ws/install/my_robot_description/share/my_robot_description/hook/cmake_prefix_path.sh'
[0.490s] Level 1:colcon.colcon_core.environment:checking '/home/shivam/RoboticArm_ws/install/my_robot_description/bin'
[0.490s] Level 1:colcon.colcon_core.environment:checking '/home/shivam/RoboticArm_ws/install/my_robot_description/lib/pkgconfig/my_robot_description.pc'
[0.490s] Level 1:colcon.colcon_core.environment:checking '/home/shivam/RoboticArm_ws/install/my_robot_description/lib/python3.10/site-packages'
[0.490s] Level 1:colcon.colcon_core.environment:checking '/home/shivam/RoboticArm_ws/install/my_robot_description/bin'
[0.491s] INFO:colcon.colcon_core.shell:Creating package script '/home/shivam/RoboticArm_ws/install/my_robot_description/share/my_robot_description/package.ps1'
[0.491s] INFO:colcon.colcon_core.shell:Creating package descriptor '/home/shivam/RoboticArm_ws/install/my_robot_description/share/my_robot_description/package.dsv'
[0.492s] INFO:colcon.colcon_core.shell:Creating package script '/home/shivam/RoboticArm_ws/install/my_robot_description/share/my_robot_description/package.sh'
[0.493s] INFO:colcon.colcon_core.shell:Creating package script '/home/shivam/RoboticArm_ws/install/my_robot_description/share/my_robot_description/package.bash'
[0.494s] INFO:colcon.colcon_core.shell:Creating package script '/home/shivam/RoboticArm_ws/install/my_robot_description/share/my_robot_description/package.zsh'
[0.495s] Level 1:colcon.colcon_core.environment:create_file_with_runtime_dependencies(/home/shivam/RoboticArm_ws/install/my_robot_description/share/colcon-core/packages/my_robot_description)
[0.496s] INFO:colcon.colcon_ros.task.ament_cmake.build:Building ROS package in '/home/shivam/RoboticArm_ws/my_robot_moveit_config' with build type 'ament_cmake'
[0.497s] INFO:colcon.colcon_cmake.task.cmake.build:Building CMake package in '/home/shivam/RoboticArm_ws/my_robot_moveit_config'
[0.497s] INFO:colcon.colcon_core.shell:Skip shell extension 'powershell' for command environment: Not usable outside of PowerShell
[0.497s] DEBUG:colcon.colcon_core.shell:Skip shell extension 'dsv' for command environment
[0.541s] DEBUG:colcon.colcon_core.event_handler.log_command:Invoking command in '/home/shivam/RoboticArm_ws/build/my_robot_moveit_config': CMAKE_PREFIX_PATH=/home/shivam/RoboticArm_ws/install/my_robot_description:/home/shivam/RoboticArm_ws/install/my_robot_moveit_config:/home/shivam/ros2_ws/install/my_robot_controller:/opt/ros/humble /usr/bin/cmake --build /home/shivam/RoboticArm_ws/build/my_robot_moveit_config -- -j2 -l2
[0.626s] DEBUG:colcon.colcon_core.event_handler.log_command:Invoked command in '/home/shivam/RoboticArm_ws/build/my_robot_moveit_config' returned '0': CMAKE_PREFIX_PATH=/home/shivam/RoboticArm_ws/install/my_robot_description:/home/shivam/RoboticArm_ws/install/my_robot_moveit_config:/home/shivam/ros2_ws/install/my_robot_controller:/opt/ros/humble /usr/bin/cmake --build /home/shivam/RoboticArm_ws/build/my_robot_moveit_config -- -j2 -l2
[0.626s] DEBUG:colcon.colcon_core.event_handler.log_command:Invoking command in '/home/shivam/RoboticArm_ws/build/my_robot_moveit_config': CMAKE_PREFIX_PATH=/home/shivam/RoboticArm_ws/install/my_robot_description:/home/shivam/RoboticArm_ws/install/my_robot_moveit_config:/home/shivam/ros2_ws/install/my_robot_controller:/opt/ros/humble /usr/bin/cmake --install /home/shivam/RoboticArm_ws/build/my_robot_moveit_config
[0.643s] Level 1:colcon.colcon_core.environment:create_environment_scripts_only(my_robot_moveit_config)
[0.644s] Level 1:colcon.colcon_core.environment:checking '/home/shivam/RoboticArm_ws/install/my_robot_moveit_config' for CMake module files
[0.645s] DEBUG:colcon.colcon_core.event_handler.log_command:Invoked command in '/home/shivam/RoboticArm_ws/build/my_robot_moveit_config' returned '0': CMAKE_PREFIX_PATH=/home/shivam/RoboticArm_ws/install/my_robot_description:/home/shivam/RoboticArm_ws/install/my_robot_moveit_config:/home/shivam/ros2_ws/install/my_robot_controller:/opt/ros/humble /usr/bin/cmake --install /home/shivam/RoboticArm_ws/build/my_robot_moveit_config
[0.645s] Level 1:colcon.colcon_core.environment:checking '/home/shivam/RoboticArm_ws/install/my_robot_moveit_config' for CMake config files
[0.645s] Level 1:colcon.colcon_core.shell:create_environment_hook('my_robot_moveit_config', 'cmake_prefix_path')
[0.645s] INFO:colcon.colcon_core.shell:Creating environment hook '/home/shivam/RoboticArm_ws/install/my_robot_moveit_config/share/my_robot_moveit_config/hook/cmake_prefix_path.ps1'
[0.646s] INFO:colcon.colcon_core.shell:Creating environment descriptor '/home/shivam/RoboticArm_ws/install/my_robot_moveit_config/share/my_robot_moveit_config/hook/cmake_prefix_path.dsv'
[0.647s] INFO:colcon.colcon_core.shell:Creating environment hook '/home/shivam/RoboticArm_ws/install/my_robot_moveit_config/share/my_robot_moveit_config/hook/cmake_prefix_path.sh'
[0.648s] Level 1:colcon.colcon_core.environment:checking '/home/shivam/RoboticArm_ws/install/my_robot_moveit_config/bin'
[0.648s] Level 1:colcon.colcon_core.environment:checking '/home/shivam/RoboticArm_ws/install/my_robot_moveit_config/lib/pkgconfig/my_robot_moveit_config.pc'
[0.648s] Level 1:colcon.colcon_core.environment:checking '/home/shivam/RoboticArm_ws/install/my_robot_moveit_config/lib/python3.10/site-packages'
[0.648s] Level 1:colcon.colcon_core.environment:checking '/home/shivam/RoboticArm_ws/install/my_robot_moveit_config/bin'
[0.649s] INFO:colcon.colcon_core.shell:Creating package script '/home/shivam/RoboticArm_ws/install/my_robot_moveit_config/share/my_robot_moveit_config/package.ps1'
[0.649s] INFO:colcon.colcon_core.shell:Creating package descriptor '/home/shivam/RoboticArm_ws/install/my_robot_moveit_config/share/my_robot_moveit_config/package.dsv'
[0.650s] INFO:colcon.colcon_core.shell:Creating package script '/home/shivam/RoboticArm_ws/install/my_robot_moveit_config/share/my_robot_moveit_config/package.sh'
[0.651s] INFO:colcon.colcon_core.shell:Creating package script '/home/shivam/RoboticArm_ws/install/my_robot_moveit_config/share/my_robot_moveit_config/package.bash'
[0.651s] INFO:colcon.colcon_core.shell:Creating package script '/home/shivam/RoboticArm_ws/install/my_robot_moveit_config/share/my_robot_moveit_config/package.zsh'
[0.652s] Level 1:colcon.colcon_core.environment:create_file_with_runtime_dependencies(/home/shivam/RoboticArm_ws/install/my_robot_moveit_config/share/colcon-core/packages/my_robot_moveit_config)
[0.653s] Level 1:colcon.colcon_core.environment:create_environment_scripts_only(my_robot_moveit_config)
[0.653s] Level 1:colcon.colcon_core.environment:checking '/home/shivam/RoboticArm_ws/install/my_robot_moveit_config' for CMake module files
[0.654s] Level 1:colcon.colcon_core.environment:checking '/home/shivam/RoboticArm_ws/install/my_robot_moveit_config' for CMake config files
[0.654s] Level 1:colcon.colcon_core.shell:create_environment_hook('my_robot_moveit_config', 'cmake_prefix_path')
[0.654s] INFO:colcon.colcon_core.shell:Creating environment hook '/home/shivam/RoboticArm_ws/install/my_robot_moveit_config/share/my_robot_moveit_config/hook/cmake_prefix_path.ps1'
[0.655s] INFO:colcon.colcon_core.shell:Creating environment descriptor '/home/shivam/RoboticArm_ws/install/my_robot_moveit_config/share/my_robot_moveit_config/hook/cmake_prefix_path.dsv'
[0.655s] INFO:colcon.colcon_core.shell:Creating environment hook '/home/shivam/RoboticArm_ws/install/my_robot_moveit_config/share/my_robot_moveit_config/hook/cmake_prefix_path.sh'
[0.656s] Level 1:colcon.colcon_core.environment:checking '/home/shivam/RoboticArm_ws/install/my_robot_moveit_config/bin'
[0.657s] Level 1:colcon.colcon_core.environment:checking '/home/shivam/RoboticArm_ws/install/my_robot_moveit_config/lib/pkgconfig/my_robot_moveit_config.pc'
[0.657s] Level 1:colcon.colcon_core.environment:checking '/home/shivam/RoboticArm_ws/install/my_robot_moveit_config/lib/python3.10/site-packages'
[0.657s] Level 1:colcon.colcon_core.environment:checking '/home/shivam/RoboticArm_ws/install/my_robot_moveit_config/bin'
[0.657s] INFO:colcon.colcon_core.shell:Creating package script '/home/shivam/RoboticArm_ws/install/my_robot_moveit_config/share/my_robot_moveit_config/package.ps1'
[0.658s] INFO:colcon.colcon_core.shell:Creating package descriptor '/home/shivam/RoboticArm_ws/install/my_robot_moveit_config/share/my_robot_moveit_config/package.dsv'
[0.658s] INFO:colcon.colcon_core.shell:Creating package script '/home/shivam/RoboticArm_ws/install/my_robot_moveit_config/share/my_robot_moveit_config/package.sh'
[0.659s] INFO:colcon.colcon_core.shell:Creating package script '/home/shivam/RoboticArm_ws/install/my_robot_moveit_config/share/my_robot_moveit_config/package.bash'
[0.660s] INFO:colcon.colcon_core.shell:Creating package script '/home/shivam/RoboticArm_ws/install/my_robot_moveit_config/share/my_robot_moveit_config/package.zsh'
[0.661s] Level 1:colcon.colcon_core.environment:create_file_with_runtime_dependencies(/home/shivam/RoboticArm_ws/install/my_robot_moveit_config/share/colcon-core/packages/my_robot_moveit_config)
[0.662s] DEBUG:colcon.colcon_parallel_executor.executor.parallel:closing loop
[0.662s] DEBUG:colcon.colcon_parallel_executor.executor.parallel:loop closed
[0.662s] DEBUG:colcon.colcon_parallel_executor.executor.parallel:run_until_complete finished with '0'
[0.662s] DEBUG:colcon.colcon_core.event_reactor:joining thread
[0.668s] INFO:colcon.colcon_core.plugin_system:Skipping extension 'colcon_notification.desktop_notification.terminal_notifier': Not used on non-Darwin systems
[0.669s] INFO:colcon.colcon_core.plugin_system:Skipping extension 'colcon_notification.desktop_notification.win32': Not used on non-Windows systems
[0.669s] INFO:colcon.colcon_notification.desktop_notification:Sending desktop notification using 'notify2'
[0.686s] DEBUG:colcon.colcon_core.event_reactor:joined thread
[0.687s] INFO:colcon.colcon_core.shell:Creating prefix script '/home/shivam/RoboticArm_ws/install/local_setup.ps1'
[0.688s] INFO:colcon.colcon_core.shell:Creating prefix util module '/home/shivam/RoboticArm_ws/install/_local_setup_util_ps1.py'
[0.692s] INFO:colcon.colcon_core.shell:Creating prefix chain script '/home/shivam/RoboticArm_ws/install/setup.ps1'
[0.694s] INFO:colcon.colcon_core.shell:Creating prefix script '/home/shivam/RoboticArm_ws/install/local_setup.sh'
[0.694s] INFO:colcon.colcon_core.shell:Creating prefix util module '/home/shivam/RoboticArm_ws/install/_local_setup_util_sh.py'
[0.696s] INFO:colcon.colcon_core.shell:Creating prefix chain script '/home/shivam/RoboticArm_ws/install/setup.sh'
[0.697s] INFO:colcon.colcon_core.shell:Creating prefix script '/home/shivam/RoboticArm_ws/install/local_setup.bash'
[0.698s] INFO:colcon.colcon_core.shell:Creating prefix chain script '/home/shivam/RoboticArm_ws/install/setup.bash'
[0.700s] INFO:colcon.colcon_core.shell:Creating prefix script '/home/shivam/RoboticArm_ws/install/local_setup.zsh'
[0.700s] INFO:colcon.colcon_core.shell:Creating prefix chain script '/home/shivam/RoboticArm_ws/install/setup.zsh'
