[0.015s] Invoking command in '/home/shivam/RoboticArm_ws/build/my_robot_moveit_config': CMAKE_PREFIX_PATH=/home/shivam/RoboticArm_ws/install/my_robot_description:/home/shivam/RoboticArm_ws/install/my_robot_moveit_config:/home/shivam/ros2_ws/install/my_robot_controller:/opt/ros/humble /usr/bin/cmake --build /home/shivam/RoboticArm_ws/build/my_robot_moveit_config -- -j2 -l2
[0.080s] Invoked command in '/home/shivam/RoboticArm_ws/build/my_robot_moveit_config' returned '0': CMAKE_PREFIX_PATH=/home/shivam/RoboticArm_ws/install/my_robot_description:/home/shivam/RoboticArm_ws/install/my_robot_moveit_config:/home/shivam/ros2_ws/install/my_robot_controller:/opt/ros/humble /usr/bin/cmake --build /home/shivam/RoboticArm_ws/build/my_robot_moveit_config -- -j2 -l2
[0.083s] Invoking command in '/home/shivam/RoboticArm_ws/build/my_robot_moveit_config': CMAKE_PREFIX_PATH=/home/shivam/RoboticArm_ws/install/my_robot_description:/home/shivam/RoboticArm_ws/install/my_robot_moveit_config:/home/shivam/ros2_ws/install/my_robot_controller:/opt/ros/humble /usr/bin/cmake --install /home/shivam/RoboticArm_ws/build/my_robot_moveit_config
[0.095s] -- Install configuration: ""
[0.095s] -- Up-to-date: /home/shivam/RoboticArm_ws/install/my_robot_moveit_config/share/ament_index/resource_index/package_run_dependencies/my_robot_moveit_config
[0.095s] -- Up-to-date: /home/shivam/RoboticArm_ws/install/my_robot_moveit_config/share/ament_index/resource_index/parent_prefix_path/my_robot_moveit_config
[0.096s] -- Up-to-date: /home/shivam/RoboticArm_ws/install/my_robot_moveit_config/share/my_robot_moveit_config/environment/ament_prefix_path.sh
[0.096s] -- Up-to-date: /home/shivam/RoboticArm_ws/install/my_robot_moveit_config/share/my_robot_moveit_config/environment/ament_prefix_path.dsv
[0.096s] -- Up-to-date: /home/shivam/RoboticArm_ws/install/my_robot_moveit_config/share/my_robot_moveit_config/environment/path.sh
[0.096s] -- Up-to-date: /home/shivam/RoboticArm_ws/install/my_robot_moveit_config/share/my_robot_moveit_config/environment/path.dsv
[0.096s] -- Up-to-date: /home/shivam/RoboticArm_ws/install/my_robot_moveit_config/share/my_robot_moveit_config/local_setup.bash
[0.096s] -- Up-to-date: /home/shivam/RoboticArm_ws/install/my_robot_moveit_config/share/my_robot_moveit_config/local_setup.sh
[0.096s] -- Up-to-date: /home/shivam/RoboticArm_ws/install/my_robot_moveit_config/share/my_robot_moveit_config/local_setup.zsh
[0.096s] -- Up-to-date: /home/shivam/RoboticArm_ws/install/my_robot_moveit_config/share/my_robot_moveit_config/local_setup.dsv
[0.096s] -- Installing: /home/shivam/RoboticArm_ws/install/my_robot_moveit_config/share/my_robot_moveit_config/package.dsv
[0.096s] -- Up-to-date: /home/shivam/RoboticArm_ws/install/my_robot_moveit_config/share/ament_index/resource_index/packages/my_robot_moveit_config
[0.096s] -- Up-to-date: /home/shivam/RoboticArm_ws/install/my_robot_moveit_config/share/my_robot_moveit_config/cmake/my_robot_moveit_configConfig.cmake
[0.096s] -- Up-to-date: /home/shivam/RoboticArm_ws/install/my_robot_moveit_config/share/my_robot_moveit_config/cmake/my_robot_moveit_configConfig-version.cmake
[0.096s] -- Up-to-date: /home/shivam/RoboticArm_ws/install/my_robot_moveit_config/share/my_robot_moveit_config/package.xml
[0.096s] -- Up-to-date: /home/shivam/RoboticArm_ws/install/my_robot_moveit_config/share/my_robot_moveit_config/launch
[0.096s] -- Up-to-date: /home/shivam/RoboticArm_ws/install/my_robot_moveit_config/share/my_robot_moveit_config/launch/rsp.launch.py
[0.096s] -- Up-to-date: /home/shivam/RoboticArm_ws/install/my_robot_moveit_config/share/my_robot_moveit_config/launch/warehouse_db.launch.py
[0.096s] -- Up-to-date: /home/shivam/RoboticArm_ws/install/my_robot_moveit_config/share/my_robot_moveit_config/launch/demo.launch.py
[0.096s] -- Up-to-date: /home/shivam/RoboticArm_ws/install/my_robot_moveit_config/share/my_robot_moveit_config/launch/move_group.launch.py
[0.096s] -- Up-to-date: /home/shivam/RoboticArm_ws/install/my_robot_moveit_config/share/my_robot_moveit_config/launch/moveit_rviz.launch.py
[0.096s] -- Up-to-date: /home/shivam/RoboticArm_ws/install/my_robot_moveit_config/share/my_robot_moveit_config/launch/spawn_controllers.launch.py
[0.097s] -- Up-to-date: /home/shivam/RoboticArm_ws/install/my_robot_moveit_config/share/my_robot_moveit_config/launch/static_virtual_joint_tfs.launch.py
[0.097s] -- Up-to-date: /home/shivam/RoboticArm_ws/install/my_robot_moveit_config/share/my_robot_moveit_config/launch/setup_assistant.launch.py
[0.097s] -- Up-to-date: /home/shivam/RoboticArm_ws/install/my_robot_moveit_config/share/my_robot_moveit_config/config
[0.097s] -- Up-to-date: /home/shivam/RoboticArm_ws/install/my_robot_moveit_config/share/my_robot_moveit_config/config/pilz_cartesian_limits.yaml
[0.097s] -- Up-to-date: /home/shivam/RoboticArm_ws/install/my_robot_moveit_config/share/my_robot_moveit_config/config/moveit_controllers.yaml
[0.097s] -- Up-to-date: /home/shivam/RoboticArm_ws/install/my_robot_moveit_config/share/my_robot_moveit_config/config/ros2_controllers.yaml
[0.097s] -- Up-to-date: /home/shivam/RoboticArm_ws/install/my_robot_moveit_config/share/my_robot_moveit_config/config/joint_limits.yaml
[0.097s] -- Up-to-date: /home/shivam/RoboticArm_ws/install/my_robot_moveit_config/share/my_robot_moveit_config/config/my_robot.srdf
[0.097s] -- Up-to-date: /home/shivam/RoboticArm_ws/install/my_robot_moveit_config/share/my_robot_moveit_config/config/kinematics.yaml
[0.097s] -- Up-to-date: /home/shivam/RoboticArm_ws/install/my_robot_moveit_config/share/my_robot_moveit_config/config/my_robot.urdf.xacro
[0.097s] -- Installing: /home/shivam/RoboticArm_ws/install/my_robot_moveit_config/share/my_robot_moveit_config/config/moveit.rviz
[0.097s] -- Up-to-date: /home/shivam/RoboticArm_ws/install/my_robot_moveit_config/share/my_robot_moveit_config/config/initial_positions.yaml
[0.097s] -- Up-to-date: /home/shivam/RoboticArm_ws/install/my_robot_moveit_config/share/my_robot_moveit_config/config/my_robot.ros2_control.xacro
[0.097s] -- Up-to-date: /home/shivam/RoboticArm_ws/install/my_robot_moveit_config/share/my_robot_moveit_config/.setup_assistant
[0.099s] Invoked command in '/home/shivam/RoboticArm_ws/build/my_robot_moveit_config' returned '0': CMAKE_PREFIX_PATH=/home/shivam/RoboticArm_ws/install/my_robot_description:/home/shivam/RoboticArm_ws/install/my_robot_moveit_config:/home/shivam/ros2_ws/install/my_robot_controller:/opt/ros/humble /usr/bin/cmake --install /home/shivam/RoboticArm_ws/build/my_robot_moveit_config
